{"/home/travis/build/npmtest/node-npmtest-ng2-page-scroll/test.js":{"path":"/home/travis/build/npmtest/node-npmtest-ng2-page-scroll/test.js","s":{"1":2,"2":2,"3":2,"4":2,"5":2,"6":2,"7":2,"8":1,"9":2,"10":2,"11":1,"12":1,"13":1,"14":1,"15":2,"16":2,"17":2,"18":2,"19":1,"20":1,"21":2,"22":2,"23":2,"24":1,"25":1,"26":1,"27":1,"28":1,"29":1,"30":1,"31":1,"32":1,"33":1,"34":1,"35":1,"36":1,"37":1,"38":1,"39":2,"40":2,"41":1,"42":2,"43":2,"44":1,"45":2,"46":2,"47":1,"48":2,"49":2,"50":1,"51":1,"52":1,"53":1,"54":1},"b":{"1":[2,1,1,1],"2":[1,1,1,1],"3":[1,1],"4":[1,1],"5":[1,1],"6":[1,1],"7":[1,1],"8":[1,1],"9":[1,1],"10":[1,1,1],"11":[1,1],"12":[1,1],"13":[1,1],"14":[1,1],"15":[1,1],"16":[1,1],"17":[1,1]},"f":{"1":2,"2":2,"3":2,"4":2,"5":2,"6":1,"7":1,"8":1,"9":2,"10":2,"11":2,"12":2,"13":1},"fnMap":{"1":{"name":"(anonymous_1)","line":12,"loc":{"start":{"line":12,"column":1},"end":{"line":12,"column":13}}},"2":{"name":"(anonymous_2)","line":19,"loc":{"start":{"line":19,"column":5},"end":{"line":19,"column":17}}},"3":{"name":"(anonymous_3)","line":23,"loc":{"start":{"line":23,"column":24},"end":{"line":23,"column":36}}},"4":{"name":"(anonymous_4)","line":61,"loc":{"start":{"line":61,"column":5},"end":{"line":61,"column":17}}},"5":{"name":"(anonymous_5)","line":82,"loc":{"start":{"line":82,"column":5},"end":{"line":82,"column":17}}},"6":{"name":"(anonymous_6)","line":91,"loc":{"start":{"line":91,"column":77},"end":{"line":94,"column":10}}},"7":{"name":"(anonymous_7)","line":112,"loc":{"start":{"line":112,"column":83},"end":{"line":115,"column":10}},"skip":true},"8":{"name":"(anonymous_8)","line":123,"loc":{"start":{"line":123,"column":77},"end":{"line":126,"column":10}},"skip":true},"9":{"name":"(anonymous_9)","line":139,"loc":{"start":{"line":139,"column":12},"end":{"line":139,"column":40}},"skip":true},"10":{"name":"(anonymous_10)","line":147,"loc":{"start":{"line":147,"column":77},"end":{"line":150,"column":10}},"skip":true},"11":{"name":"(anonymous_11)","line":158,"loc":{"start":{"line":158,"column":83},"end":{"line":161,"column":10}},"skip":true},"12":{"name":"(anonymous_12)","line":169,"loc":{"start":{"line":169,"column":79},"end":{"line":172,"column":10}},"skip":true},"13":{"name":"(anonymous_13)","line":180,"loc":{"start":{"line":180,"column":75},"end":{"line":183,"column":10}},"skip":true}},"statementMap":{"1":{"start":{"line":12,"column":0},"end":{"line":195,"column":5}},"2":{"start":{"line":14,"column":4},"end":{"line":14,"column":14}},"3":{"start":{"line":19,"column":4},"end":{"line":56,"column":9}},"4":{"start":{"line":21,"column":8},"end":{"line":21,"column":19}},"5":{"start":{"line":23,"column":8},"end":{"line":35,"column":13}},"6":{"start":{"line":24,"column":12},"end":{"line":34,"column":13}},"7":{"start":{"line":25,"column":16},"end":{"line":28,"column":30}},"8":{"start":{"line":30,"column":16},"end":{"line":33,"column":27}},"9":{"start":{"line":37,"column":8},"end":{"line":39,"column":21}},"10":{"start":{"line":40,"column":8},"end":{"line":53,"column":9}},"11":{"start":{"line":43,"column":12},"end":{"line":46,"column":14}},"12":{"start":{"line":47,"column":12},"end":{"line":47,"column":18}},"13":{"start":{"line":50,"column":12},"end":{"line":51,"column":33}},"14":{"start":{"line":52,"column":12},"end":{"line":52,"column":18}},"15":{"start":{"line":55,"column":8},"end":{"line":55,"column":35}},"16":{"start":{"line":61,"column":4},"end":{"line":63,"column":9}},"17":{"start":{"line":62,"column":8},"end":{"line":62,"column":15}},"18":{"start":{"line":64,"column":4},"end":{"line":77,"column":5}},"19":{"start":{"line":70,"column":8},"end":{"line":70,"column":14}},"20":{"start":{"line":76,"column":8},"end":{"line":76,"column":14}},"21":{"start":{"line":82,"column":4},"end":{"line":84,"column":9}},"22":{"start":{"line":83,"column":8},"end":{"line":83,"column":15}},"23":{"start":{"line":85,"column":4},"end":{"line":194,"column":5}},"24":{"start":{"line":91,"column":8},"end":{"line":99,"column":10}},"25":{"start":{"line":98,"column":12},"end":{"line":98,"column":35}},"26":{"start":{"line":102,"column":8},"end":{"line":104,"column":63}},"27":{"start":{"line":105,"column":8},"end":{"line":105,"column":14}},"28":{"start":{"line":112,"column":8},"end":{"line":121,"column":10},"skip":true},"29":{"start":{"line":119,"column":12},"end":{"line":119,"column":55},"skip":true},"30":{"start":{"line":120,"column":12},"end":{"line":120,"column":48},"skip":true},"31":{"start":{"line":123,"column":8},"end":{"line":136,"column":10},"skip":true},"32":{"start":{"line":130,"column":12},"end":{"line":130,"column":76},"skip":true},"33":{"start":{"line":131,"column":12},"end":{"line":131,"column":73},"skip":true},"34":{"start":{"line":132,"column":12},"end":{"line":132,"column":74},"skip":true},"35":{"start":{"line":133,"column":12},"end":{"line":133,"column":79},"skip":true},"36":{"start":{"line":134,"column":12},"end":{"line":134,"column":25},"skip":true},"37":{"start":{"line":135,"column":12},"end":{"line":135,"column":45},"skip":true},"38":{"start":{"line":138,"column":8},"end":{"line":145,"column":14},"skip":true},"39":{"start":{"line":143,"column":16},"end":{"line":143,"column":29},"skip":true},"40":{"start":{"line":144,"column":16},"end":{"line":144,"column":55},"skip":true},"41":{"start":{"line":147,"column":8},"end":{"line":156,"column":10},"skip":true},"42":{"start":{"line":154,"column":12},"end":{"line":154,"column":25},"skip":true},"43":{"start":{"line":155,"column":12},"end":{"line":155,"column":45},"skip":true},"44":{"start":{"line":158,"column":8},"end":{"line":167,"column":10},"skip":true},"45":{"start":{"line":165,"column":12},"end":{"line":165,"column":25},"skip":true},"46":{"start":{"line":166,"column":12},"end":{"line":166,"column":48},"skip":true},"47":{"start":{"line":169,"column":8},"end":{"line":178,"column":10},"skip":true},"48":{"start":{"line":176,"column":12},"end":{"line":176,"column":25},"skip":true},"49":{"start":{"line":177,"column":12},"end":{"line":177,"column":46},"skip":true},"50":{"start":{"line":180,"column":8},"end":{"line":189,"column":10},"skip":true},"51":{"start":{"line":187,"column":12},"end":{"line":187,"column":94},"skip":true},"52":{"start":{"line":188,"column":12},"end":{"line":188,"column":48},"skip":true},"53":{"start":{"line":192,"column":8},"end":{"line":192,"column":35},"skip":true},"54":{"start":{"line":193,"column":8},"end":{"line":193,"column":14},"skip":true}},"branchMap":{"1":{"line":25,"type":"binary-expr","locations":[{"start":{"line":25,"column":23},"end":{"line":25,"column":62}},{"start":{"line":26,"column":20},"end":{"line":26,"column":70}},{"start":{"line":27,"column":20},"end":{"line":27,"column":71}},{"start":{"line":28,"column":20},"end":{"line":28,"column":29}}]},"2":{"line":30,"type":"binary-expr","locations":[{"start":{"line":30,"column":23},"end":{"line":30,"column":37}},{"start":{"line":31,"column":20},"end":{"line":31,"column":61}},{"start":{"line":32,"column":20},"end":{"line":32,"column":70}},{"start":{"line":33,"column":20},"end":{"line":33,"column":26}}]},"3":{"line":37,"type":"cond-expr","locations":[{"start":{"line":38,"column":14},"end":{"line":38,"column":20}},{"start":{"line":39,"column":14},"end":{"line":39,"column":20}}]},"4":{"line":40,"type":"switch","locations":[{"start":{"line":42,"column":8},"end":{"line":47,"column":18}},{"start":{"line":49,"column":8},"end":{"line":52,"column":18}}]},"5":{"line":44,"type":"binary-expr","locations":[{"start":{"line":44,"column":16},"end":{"line":44,"column":44}},{"start":{"line":44,"column":48},"end":{"line":44,"column":66}}]},"6":{"line":50,"type":"binary-expr","locations":[{"start":{"line":50,"column":21},"end":{"line":50,"column":49}},{"start":{"line":50,"column":53},"end":{"line":50,"column":72}}]},"7":{"line":64,"type":"switch","locations":[{"start":{"line":69,"column":4},"end":{"line":70,"column":14}},{"start":{"line":75,"column":4},"end":{"line":76,"column":14}}]},"8":{"line":85,"type":"switch","locations":[{"start":{"line":90,"column":4},"end":{"line":105,"column":14}},{"start":{"line":111,"column":4},"end":{"line":193,"column":14},"skip":true}]},"9":{"line":91,"type":"binary-expr","locations":[{"start":{"line":91,"column":42},"end":{"line":91,"column":73}},{"start":{"line":91,"column":77},"end":{"line":99,"column":9}}]},"10":{"line":102,"type":"binary-expr","locations":[{"start":{"line":102,"column":18},"end":{"line":102,"column":32}},{"start":{"line":103,"column":12},"end":{"line":103,"column":53}},{"start":{"line":104,"column":12},"end":{"line":104,"column":61}}]},"11":{"line":112,"type":"binary-expr","locations":[{"start":{"line":112,"column":45},"end":{"line":112,"column":79},"skip":true},{"start":{"line":112,"column":83},"end":{"line":121,"column":9},"skip":true}]},"12":{"line":123,"type":"binary-expr","locations":[{"start":{"line":123,"column":42},"end":{"line":123,"column":73},"skip":true},{"start":{"line":123,"column":77},"end":{"line":136,"column":9},"skip":true}]},"13":{"line":138,"type":"binary-expr","locations":[{"start":{"line":138,"column":48},"end":{"line":138,"column":85},"skip":true},{"start":{"line":139,"column":12},"end":{"line":145,"column":13},"skip":true}]},"14":{"line":147,"type":"binary-expr","locations":[{"start":{"line":147,"column":42},"end":{"line":147,"column":73},"skip":true},{"start":{"line":147,"column":77},"end":{"line":156,"column":9},"skip":true}]},"15":{"line":158,"type":"binary-expr","locations":[{"start":{"line":158,"column":45},"end":{"line":158,"column":79},"skip":true},{"start":{"line":158,"column":83},"end":{"line":167,"column":9},"skip":true}]},"16":{"line":169,"type":"binary-expr","locations":[{"start":{"line":169,"column":43},"end":{"line":169,"column":75},"skip":true},{"start":{"line":169,"column":79},"end":{"line":178,"column":9},"skip":true}]},"17":{"line":180,"type":"binary-expr","locations":[{"start":{"line":180,"column":41},"end":{"line":180,"column":71},"skip":true},{"start":{"line":180,"column":75},"end":{"line":189,"column":9},"skip":true}]}},"code":["/* istanbul instrument in package npmtest_ng2_page_scroll */","/*jslint","    bitwise: true,","    browser: true,","    maxerr: 8,","    maxlen: 96,","    node: true,","    nomen: true,","    regexp: true,","    stupid: true","*/","(function () {","    'use strict';","    var local;","","","","    // run shared js-env code - init-before","    (function () {","        // init local","        local = {};","        // init modeJs","        local.modeJs = (function () {","            try {","                return typeof navigator.userAgent === 'string' &&","                    typeof document.querySelector('body') === 'object' &&","                    typeof XMLHttpRequest.prototype.open === 'function' &&","                    'browser';","            } catch (errorCaughtBrowser) {","                return module.exports &&","                    typeof process.versions.node === 'string' &&","                    typeof require('http').createServer === 'function' &&","                    'node';","            }","        }());","        // init global","        local.global = local.modeJs === 'browser'","            ? window","            : global;","        switch (local.modeJs) {","        // re-init local from window.local","        case 'browser':","            local = local.global.utility2.objectSetDefault(","                local.global.utility2_rollup || local.global.local,","                local.global.utility2","            );","            break;","        // re-init local from example.js","        case 'node':","            local = (local.global.utility2_rollup || require('utility2'))","                .requireReadme();","            break;","        }","        // export local","        local.global.local = local;","    }());","","","","    // run shared js-env code - function","    (function () {","        return;","    }());","    switch (local.modeJs) {","","","","    // run browser js-env code - function","    case 'browser':","        break;","","","","    // run node js-env code - function","    case 'node':","        break;","    }","","","","    // run shared js-env code - init-after","    (function () {","        return;","    }());","    switch (local.modeJs) {","","","","    // run browser js-env code - init-after","    case 'browser':","        local.testCase_browser_nullCase = local.testCase_browser_nullCase || function (","            options,","            onError","        ) {","        /*","         * this function will test browsers's null-case handling-behavior-behavior","         */","            onError(null, options);","        };","","        // run tests","        local.nop(local.modeTest &&","            document.querySelector('#testRunButton1') &&","            document.querySelector('#testRunButton1').click());","        break;","","","","    // run node js-env code - init-after","    /* istanbul ignore next */","    case 'node':","        local.testCase_buildApidoc_default = local.testCase_buildApidoc_default || function (","            options,","            onError","        ) {","        /*","         * this function will test buildApidoc's default handling-behavior-behavior","         */","            options = { modulePathList: module.paths };","            local.buildApidoc(options, onError);","        };","","        local.testCase_buildApp_default = local.testCase_buildApp_default || function (","            options,","            onError","        ) {","        /*","         * this function will test buildApp's default handling-behavior-behavior","         */","            local.testCase_buildReadme_default(options, local.onErrorThrow);","            local.testCase_buildLib_default(options, local.onErrorThrow);","            local.testCase_buildTest_default(options, local.onErrorThrow);","            local.testCase_buildCustomOrg_default(options, local.onErrorThrow);","            options = [];","            local.buildApp(options, onError);","        };","","        local.testCase_buildCustomOrg_default = local.testCase_buildCustomOrg_default ||","            function (options, onError) {","            /*","             * this function will test buildCustomOrg's default handling-behavior","             */","                options = {};","                local.buildCustomOrg(options, onError);","            };","","        local.testCase_buildLib_default = local.testCase_buildLib_default || function (","            options,","            onError","        ) {","        /*","         * this function will test buildLib's default handling-behavior","         */","            options = {};","            local.buildLib(options, onError);","        };","","        local.testCase_buildReadme_default = local.testCase_buildReadme_default || function (","            options,","            onError","        ) {","        /*","         * this function will test buildReadme's default handling-behavior-behavior","         */","            options = {};","            local.buildReadme(options, onError);","        };","","        local.testCase_buildTest_default = local.testCase_buildTest_default || function (","            options,","            onError","        ) {","        /*","         * this function will test buildTest's default handling-behavior","         */","            options = {};","            local.buildTest(options, onError);","        };","","        local.testCase_webpage_default = local.testCase_webpage_default || function (","            options,","            onError","        ) {","        /*","         * this function will test webpage's default handling-behavior","         */","            options = { modeCoverageMerge: true, url: local.serverLocalHost + '?modeTest=1' };","            local.browserTest(options, onError);","        };","","        // run test-server","        local.testRunServer(local);","        break;","    }","}());",""],"l":{"12":2,"14":2,"19":2,"21":2,"23":2,"24":2,"25":2,"30":1,"37":2,"40":2,"43":1,"47":1,"50":1,"52":1,"55":2,"61":2,"62":2,"64":2,"70":1,"76":1,"82":2,"83":2,"85":2,"91":1,"98":1,"102":1,"105":1,"112":1,"119":1,"120":1,"123":1,"130":1,"131":1,"132":1,"133":1,"134":1,"135":1,"138":1,"143":2,"144":2,"147":1,"154":2,"155":2,"158":1,"165":2,"166":2,"169":1,"176":2,"177":2,"180":1,"187":1,"188":1,"192":1,"193":1}},"/home/travis/build/npmtest/node-npmtest-ng2-page-scroll/lib.npmtest_ng2_page_scroll.js":{"path":"/home/travis/build/npmtest/node-npmtest-ng2-page-scroll/lib.npmtest_ng2_page_scroll.js","s":{"1":2,"2":2,"3":2,"4":2,"5":2,"6":2,"7":2,"8":1,"9":2,"10":2,"11":2,"12":2,"13":1,"14":1,"15":1,"16":1},"b":{"1":[2,1,1,1],"2":[1,1,1,1],"3":[1,1],"4":[2,2],"5":[1,1]},"f":{"1":2,"2":2,"3":2},"fnMap":{"1":{"name":"(anonymous_1)","line":12,"loc":{"start":{"line":12,"column":1},"end":{"line":12,"column":13}}},"2":{"name":"(anonymous_2)","line":19,"loc":{"start":{"line":19,"column":5},"end":{"line":19,"column":17}}},"3":{"name":"(anonymous_3)","line":23,"loc":{"start":{"line":23,"column":24},"end":{"line":23,"column":36}}}},"statementMap":{"1":{"start":{"line":12,"column":0},"end":{"line":53,"column":5}},"2":{"start":{"line":14,"column":4},"end":{"line":14,"column":14}},"3":{"start":{"line":19,"column":4},"end":{"line":52,"column":9}},"4":{"start":{"line":21,"column":8},"end":{"line":21,"column":19}},"5":{"start":{"line":23,"column":8},"end":{"line":35,"column":13}},"6":{"start":{"line":24,"column":12},"end":{"line":34,"column":13}},"7":{"start":{"line":25,"column":16},"end":{"line":28,"column":30}},"8":{"start":{"line":30,"column":16},"end":{"line":33,"column":27}},"9":{"start":{"line":37,"column":8},"end":{"line":39,"column":21}},"10":{"start":{"line":41,"column":8},"end":{"line":41,"column":54}},"11":{"start":{"line":43,"column":8},"end":{"line":43,"column":60}},"12":{"start":{"line":45,"column":8},"end":{"line":51,"column":9}},"13":{"start":{"line":46,"column":12},"end":{"line":46,"column":66}},"14":{"start":{"line":48,"column":12},"end":{"line":48,"column":35}},"15":{"start":{"line":49,"column":12},"end":{"line":49,"column":49}},"16":{"start":{"line":50,"column":12},"end":{"line":50,"column":43}}},"branchMap":{"1":{"line":25,"type":"binary-expr","locations":[{"start":{"line":25,"column":23},"end":{"line":25,"column":62}},{"start":{"line":26,"column":20},"end":{"line":26,"column":70}},{"start":{"line":27,"column":20},"end":{"line":27,"column":71}},{"start":{"line":28,"column":20},"end":{"line":28,"column":29}}]},"2":{"line":30,"type":"binary-expr","locations":[{"start":{"line":30,"column":23},"end":{"line":30,"column":37}},{"start":{"line":31,"column":20},"end":{"line":31,"column":61}},{"start":{"line":32,"column":20},"end":{"line":32,"column":70}},{"start":{"line":33,"column":20},"end":{"line":33,"column":26}}]},"3":{"line":37,"type":"cond-expr","locations":[{"start":{"line":38,"column":14},"end":{"line":38,"column":20}},{"start":{"line":39,"column":14},"end":{"line":39,"column":20}}]},"4":{"line":41,"type":"binary-expr","locations":[{"start":{"line":41,"column":16},"end":{"line":41,"column":44}},{"start":{"line":41,"column":48},"end":{"line":41,"column":53}}]},"5":{"line":45,"type":"if","locations":[{"start":{"line":45,"column":8},"end":{"line":45,"column":8}},{"start":{"line":45,"column":8},"end":{"line":45,"column":8}}]}},"code":["/* istanbul instrument in package npmtest_ng2_page_scroll */","/*jslint","    bitwise: true,","    browser: true,","    maxerr: 8,","    maxlen: 96,","    node: true,","    nomen: true,","    regexp: true,","    stupid: true","*/","(function () {","    'use strict';","    var local;","","","","    // run shared js-env code - init-before","    (function () {","        // init local","        local = {};","        // init modeJs","        local.modeJs = (function () {","            try {","                return typeof navigator.userAgent === 'string' &&","                    typeof document.querySelector('body') === 'object' &&","                    typeof XMLHttpRequest.prototype.open === 'function' &&","                    'browser';","            } catch (errorCaughtBrowser) {","                return module.exports &&","                    typeof process.versions.node === 'string' &&","                    typeof require('http').createServer === 'function' &&","                    'node';","            }","        }());","        // init global","        local.global = local.modeJs === 'browser'","            ? window","            : global;","        // init utility2_rollup","        local = local.global.utility2_rollup || local;","        // init lib","        local.local = local.npmtest_ng2_page_scroll = local;","        // init exports","        if (local.modeJs === 'browser') {","            local.global.utility2_npmtest_ng2_page_scroll = local;","        } else {","            module.exports = local;","            module.exports.__dirname = __dirname;","            module.exports.module = module;","        }","    }());","}());",""],"l":{"12":2,"14":2,"19":2,"21":2,"23":2,"24":2,"25":2,"30":1,"37":2,"41":2,"43":2,"45":2,"46":1,"48":1,"49":1,"50":1}},"/home/travis/build/npmtest/node-npmtest-ng2-page-scroll/example.js":{"path":"/home/travis/build/npmtest/node-npmtest-ng2-page-scroll/example.js","s":{"1":2,"2":2,"3":2,"4":2,"5":2,"6":2,"7":2,"8":1,"9":2,"10":2,"11":2,"12":2,"13":1,"14":2,"15":2,"16":2,"17":2,"18":2,"19":0,"20":2,"21":1,"22":1,"23":1,"24":1,"25":1,"26":0,"27":0,"28":1,"29":1,"30":2,"31":0,"32":0,"33":0,"34":1,"35":2,"36":2,"37":3,"38":3,"39":3,"40":3,"41":0,"42":3,"43":3,"44":3,"45":1,"46":3,"47":1,"48":1,"49":1,"50":1,"51":1,"52":1,"53":1,"54":1,"55":1,"56":1,"57":0,"58":1,"59":6,"60":6,"61":1,"62":2,"63":0,"64":2,"65":1,"66":1,"67":0,"68":0,"69":0,"70":0,"71":0,"72":0,"73":0,"74":0,"75":0,"76":0,"77":0,"78":0,"79":0,"80":0,"81":0,"82":0,"83":0},"b":{"1":[2,1,1,1],"2":[1,1,1,1],"3":[1,1],"4":[2,2],"5":[1,1],"6":[1,1],"7":[2,0],"8":[2,1,1,1,1,1],"9":[0,2,0],"10":[1,1],"11":[2,1,1],"12":[1,0],"13":[0,2],"14":[2,0,0,0,0,0,0],"15":[0,3],"16":[3,0],"17":[1,1],"18":[0,1],"19":[1,2,0,2],"20":[1,0],"21":[1,1],"22":[0,0],"23":[0,0],"24":[0,0],"25":[0,0],"26":[0,0],"27":[0,0],"28":[0,0]},"f":{"1":2,"2":2,"3":2,"4":2,"5":2,"6":2,"7":3,"8":3,"9":3,"10":1,"11":6,"12":0},"fnMap":{"1":{"name":"(anonymous_1)","line":26,"loc":{"start":{"line":26,"column":1},"end":{"line":26,"column":13}}},"2":{"name":"(anonymous_2)","line":33,"loc":{"start":{"line":33,"column":5},"end":{"line":33,"column":17}}},"3":{"name":"(anonymous_3)","line":37,"loc":{"start":{"line":37,"column":24},"end":{"line":37,"column":36}}},"4":{"name":"(anonymous_4)","line":69,"loc":{"start":{"line":69,"column":31},"end":{"line":69,"column":48}},"skip":true},"5":{"name":"(anonymous_5)","line":78,"loc":{"start":{"line":78,"column":26},"end":{"line":78,"column":45}},"skip":true},"6":{"name":"(anonymous_6)","line":123,"loc":{"start":{"line":123,"column":33},"end":{"line":123,"column":48}},"skip":true},"7":{"name":"(anonymous_7)","line":125,"loc":{"start":{"line":125,"column":27},"end":{"line":125,"column":39}},"skip":true},"8":{"name":"(anonymous_8)","line":133,"loc":{"start":{"line":133,"column":59},"end":{"line":133,"column":74}},"skip":true},"9":{"name":"(anonymous_9)","line":143,"loc":{"start":{"line":143,"column":45},"end":{"line":143,"column":62}},"skip":true},"10":{"name":"(anonymous_10)","line":144,"loc":{"start":{"line":144,"column":73},"end":{"line":144,"column":92}},"skip":true},"11":{"name":"(anonymous_11)","line":272,"loc":{"start":{"line":272,"column":51},"end":{"line":272,"column":77}},"skip":true},"12":{"name":"(anonymous_12)","line":315,"loc":{"start":{"line":315,"column":32},"end":{"line":315,"column":61}},"skip":true}},"statementMap":{"1":{"start":{"line":26,"column":0},"end":{"line":326,"column":5}},"2":{"start":{"line":28,"column":4},"end":{"line":28,"column":14}},"3":{"start":{"line":33,"column":4},"end":{"line":60,"column":9}},"4":{"start":{"line":35,"column":8},"end":{"line":35,"column":19}},"5":{"start":{"line":37,"column":8},"end":{"line":49,"column":13}},"6":{"start":{"line":38,"column":12},"end":{"line":48,"column":13}},"7":{"start":{"line":39,"column":16},"end":{"line":42,"column":30}},"8":{"start":{"line":44,"column":16},"end":{"line":47,"column":27}},"9":{"start":{"line":51,"column":8},"end":{"line":53,"column":21}},"10":{"start":{"line":55,"column":8},"end":{"line":57,"column":45}},"11":{"start":{"line":59,"column":8},"end":{"line":59,"column":35}},"12":{"start":{"line":61,"column":4},"end":{"line":325,"column":5}},"13":{"start":{"line":69,"column":8},"end":{"line":121,"column":10},"skip":true},"14":{"start":{"line":70,"column":12},"end":{"line":88,"column":13},"skip":true},"15":{"start":{"line":76,"column":16},"end":{"line":87,"column":19},"skip":true},"16":{"start":{"line":79,"column":20},"end":{"line":86,"column":21},"skip":true},"17":{"start":{"line":82,"column":24},"end":{"line":82,"column":43},"skip":true},"18":{"start":{"line":83,"column":24},"end":{"line":83,"column":30},"skip":true},"19":{"start":{"line":85,"column":24},"end":{"line":85,"column":49},"skip":true},"20":{"start":{"line":89,"column":12},"end":{"line":107,"column":13},"skip":true},"21":{"start":{"line":92,"column":16},"end":{"line":102,"column":17},"skip":true},"22":{"start":{"line":93,"column":20},"end":{"line":93,"column":86},"skip":true},"23":{"start":{"line":94,"column":20},"end":{"line":95,"column":45},"skip":true},"24":{"start":{"line":96,"column":20},"end":{"line":96,"column":42},"skip":true},"25":{"start":{"line":97,"column":20},"end":{"line":97,"column":48},"skip":true},"26":{"start":{"line":100,"column":20},"end":{"line":100,"column":85},"skip":true},"27":{"start":{"line":101,"column":20},"end":{"line":101,"column":96},"skip":true},"28":{"start":{"line":103,"column":16},"end":{"line":103,"column":22},"skip":true},"29":{"start":{"line":106,"column":16},"end":{"line":106,"column":22},"skip":true},"30":{"start":{"line":108,"column":12},"end":{"line":120,"column":13},"skip":true},"31":{"start":{"line":114,"column":16},"end":{"line":119,"column":17},"skip":true},"32":{"start":{"line":116,"column":20},"end":{"line":116,"column":78},"skip":true},"33":{"start":{"line":118,"column":20},"end":{"line":118,"column":47},"skip":true},"34":{"start":{"line":123,"column":8},"end":{"line":141,"column":11},"skip":true},"35":{"start":{"line":124,"column":12},"end":{"line":124,"column":54},"skip":true},"36":{"start":{"line":125,"column":12},"end":{"line":140,"column":14},"skip":true},"37":{"start":{"line":126,"column":16},"end":{"line":126,"column":28},"skip":true},"38":{"start":{"line":127,"column":16},"end":{"line":127,"column":69},"skip":true},"39":{"start":{"line":128,"column":16},"end":{"line":128,"column":75},"skip":true},"40":{"start":{"line":129,"column":16},"end":{"line":131,"column":17},"skip":true},"41":{"start":{"line":130,"column":20},"end":{"line":130,"column":27},"skip":true},"42":{"start":{"line":133,"column":16},"end":{"line":137,"column":36},"skip":true},"43":{"start":{"line":134,"column":20},"end":{"line":136,"column":55},"skip":true},"44":{"start":{"line":139,"column":16},"end":{"line":139,"column":57},"skip":true},"45":{"start":{"line":143,"column":8},"end":{"line":147,"column":11},"skip":true},"46":{"start":{"line":144,"column":12},"end":{"line":146,"column":15},"skip":true},"47":{"start":{"line":145,"column":16},"end":{"line":145,"column":70},"skip":true},"48":{"start":{"line":149,"column":8},"end":{"line":149,"column":31},"skip":true},"49":{"start":{"line":150,"column":8},"end":{"line":150,"column":14},"skip":true},"50":{"start":{"line":158,"column":8},"end":{"line":158,"column":31},"skip":true},"51":{"start":{"line":160,"column":8},"end":{"line":160,"column":33},"skip":true},"52":{"start":{"line":161,"column":8},"end":{"line":161,"column":37},"skip":true},"53":{"start":{"line":162,"column":8},"end":{"line":162,"column":35},"skip":true},"54":{"start":{"line":164,"column":8},"end":{"line":164,"column":50},"skip":true},"55":{"start":{"line":166,"column":8},"end":{"line":256,"column":2},"skip":true},"56":{"start":{"line":258,"column":8},"end":{"line":286,"column":9},"skip":true},"57":{"start":{"line":259,"column":12},"end":{"line":269,"column":14},"skip":true},"58":{"start":{"line":271,"column":12},"end":{"line":285,"column":19},"skip":true},"59":{"start":{"line":274,"column":20},"end":{"line":274,"column":35},"skip":true},"60":{"start":{"line":275,"column":20},"end":{"line":284,"column":21},"skip":true},"61":{"start":{"line":277,"column":24},"end":{"line":277,"column":64},"skip":true},"62":{"start":{"line":279,"column":24},"end":{"line":279,"column":40},"skip":true},"63":{"start":{"line":281,"column":24},"end":{"line":281,"column":40},"skip":true},"64":{"start":{"line":283,"column":24},"end":{"line":283,"column":39},"skip":true},"65":{"start":{"line":288,"column":8},"end":{"line":290,"column":9},"skip":true},"66":{"start":{"line":289,"column":12},"end":{"line":289,"column":18},"skip":true},"67":{"start":{"line":291,"column":8},"end":{"line":293,"column":54},"skip":true},"68":{"start":{"line":296,"column":8},"end":{"line":301,"column":37},"skip":true},"69":{"start":{"line":303,"column":8},"end":{"line":303,"column":82},"skip":true},"70":{"start":{"line":306,"column":8},"end":{"line":308,"column":9},"skip":true},"71":{"start":{"line":307,"column":12},"end":{"line":307,"column":82},"skip":true},"72":{"start":{"line":310,"column":8},"end":{"line":312,"column":9},"skip":true},"73":{"start":{"line":311,"column":12},"end":{"line":311,"column":18},"skip":true},"74":{"start":{"line":313,"column":8},"end":{"line":313,"column":54},"skip":true},"75":{"start":{"line":314,"column":8},"end":{"line":314,"column":69},"skip":true},"76":{"start":{"line":315,"column":8},"end":{"line":323,"column":36},"skip":true},"77":{"start":{"line":316,"column":12},"end":{"line":316,"column":61},"skip":true},"78":{"start":{"line":317,"column":12},"end":{"line":320,"column":13},"skip":true},"79":{"start":{"line":318,"column":16},"end":{"line":318,"column":75},"skip":true},"80":{"start":{"line":319,"column":16},"end":{"line":319,"column":23},"skip":true},"81":{"start":{"line":321,"column":12},"end":{"line":321,"column":38},"skip":true},"82":{"start":{"line":322,"column":12},"end":{"line":322,"column":27},"skip":true},"83":{"start":{"line":324,"column":8},"end":{"line":324,"column":14},"skip":true}},"branchMap":{"1":{"line":39,"type":"binary-expr","locations":[{"start":{"line":39,"column":23},"end":{"line":39,"column":62}},{"start":{"line":40,"column":20},"end":{"line":40,"column":70}},{"start":{"line":41,"column":20},"end":{"line":41,"column":71}},{"start":{"line":42,"column":20},"end":{"line":42,"column":29}}]},"2":{"line":44,"type":"binary-expr","locations":[{"start":{"line":44,"column":23},"end":{"line":44,"column":37}},{"start":{"line":45,"column":20},"end":{"line":45,"column":61}},{"start":{"line":46,"column":20},"end":{"line":46,"column":70}},{"start":{"line":47,"column":20},"end":{"line":47,"column":26}}]},"3":{"line":51,"type":"cond-expr","locations":[{"start":{"line":52,"column":14},"end":{"line":52,"column":20}},{"start":{"line":53,"column":14},"end":{"line":53,"column":20}}]},"4":{"line":55,"type":"binary-expr","locations":[{"start":{"line":55,"column":16},"end":{"line":55,"column":44}},{"start":{"line":55,"column":49},"end":{"line":57,"column":43}}]},"5":{"line":55,"type":"cond-expr","locations":[{"start":{"line":56,"column":14},"end":{"line":56,"column":59}},{"start":{"line":57,"column":14},"end":{"line":57,"column":43}}]},"6":{"line":61,"type":"switch","locations":[{"start":{"line":68,"column":4},"end":{"line":150,"column":14},"skip":true},{"start":{"line":156,"column":4},"end":{"line":324,"column":14},"skip":true}]},"7":{"line":70,"type":"if","locations":[{"start":{"line":70,"column":12},"end":{"line":70,"column":12},"skip":true},{"start":{"line":70,"column":12},"end":{"line":70,"column":12},"skip":true}]},"8":{"line":70,"type":"binary-expr","locations":[{"start":{"line":70,"column":16},"end":{"line":70,"column":22},"skip":true},{"start":{"line":70,"column":27},"end":{"line":70,"column":32},"skip":true},{"start":{"line":71,"column":20},"end":{"line":71,"column":39},"skip":true},{"start":{"line":72,"column":20},"end":{"line":72,"column":49},"skip":true},{"start":{"line":73,"column":20},"end":{"line":73,"column":58},"skip":true},{"start":{"line":74,"column":20},"end":{"line":74,"column":69},"skip":true}]},"9":{"line":79,"type":"switch","locations":[{"start":{"line":80,"column":20},"end":{"line":80,"column":33},"skip":true},{"start":{"line":81,"column":20},"end":{"line":83,"column":30},"skip":true},{"start":{"line":84,"column":20},"end":{"line":85,"column":49},"skip":true}]},"10":{"line":89,"type":"switch","locations":[{"start":{"line":90,"column":12},"end":{"line":103,"column":22},"skip":true},{"start":{"line":105,"column":12},"end":{"line":106,"column":22},"skip":true}]},"11":{"line":89,"type":"binary-expr","locations":[{"start":{"line":89,"column":20},"end":{"line":89,"column":25},"skip":true},{"start":{"line":89,"column":29},"end":{"line":89,"column":48},"skip":true},{"start":{"line":89,"column":52},"end":{"line":89,"column":74},"skip":true}]},"12":{"line":92,"type":"if","locations":[{"start":{"line":92,"column":16},"end":{"line":92,"column":16},"skip":true},{"start":{"line":92,"column":16},"end":{"line":92,"column":16},"skip":true}]},"13":{"line":108,"type":"if","locations":[{"start":{"line":108,"column":12},"end":{"line":108,"column":12},"skip":true},{"start":{"line":108,"column":12},"end":{"line":108,"column":12},"skip":true}]},"14":{"line":108,"type":"binary-expr","locations":[{"start":{"line":108,"column":16},"end":{"line":108,"column":61},"skip":true},{"start":{"line":108,"column":66},"end":{"line":108,"column":72},"skip":true},{"start":{"line":108,"column":77},"end":{"line":108,"column":82},"skip":true},{"start":{"line":109,"column":20},"end":{"line":109,"column":39},"skip":true},{"start":{"line":110,"column":20},"end":{"line":110,"column":49},"skip":true},{"start":{"line":111,"column":20},"end":{"line":111,"column":58},"skip":true},{"start":{"line":112,"column":20},"end":{"line":112,"column":68},"skip":true}]},"15":{"line":129,"type":"if","locations":[{"start":{"line":129,"column":16},"end":{"line":129,"column":16},"skip":true},{"start":{"line":129,"column":16},"end":{"line":129,"column":16},"skip":true}]},"16":{"line":134,"type":"cond-expr","locations":[{"start":{"line":135,"column":26},"end":{"line":135,"column":29},"skip":true},{"start":{"line":136,"column":26},"end":{"line":136,"column":54},"skip":true}]},"17":{"line":164,"type":"binary-expr","locations":[{"start":{"line":164,"column":27},"end":{"line":164,"column":43},"skip":true},{"start":{"line":164,"column":47},"end":{"line":164,"column":49},"skip":true}]},"18":{"line":258,"type":"if","locations":[{"start":{"line":258,"column":8},"end":{"line":258,"column":8},"skip":true},{"start":{"line":258,"column":8},"end":{"line":258,"column":8},"skip":true}]},"19":{"line":275,"type":"switch","locations":[{"start":{"line":276,"column":20},"end":{"line":277,"column":64},"skip":true},{"start":{"line":278,"column":20},"end":{"line":279,"column":40},"skip":true},{"start":{"line":280,"column":20},"end":{"line":281,"column":40},"skip":true},{"start":{"line":282,"column":20},"end":{"line":283,"column":39},"skip":true}]},"20":{"line":288,"type":"if","locations":[{"start":{"line":288,"column":8},"end":{"line":288,"column":8},"skip":true},{"start":{"line":288,"column":8},"end":{"line":288,"column":8},"skip":true}]},"21":{"line":288,"type":"binary-expr","locations":[{"start":{"line":288,"column":12},"end":{"line":288,"column":40},"skip":true},{"start":{"line":288,"column":44},"end":{"line":288,"column":67},"skip":true}]},"22":{"line":292,"type":"binary-expr","locations":[{"start":{"line":292,"column":12},"end":{"line":292,"column":50},"skip":true},{"start":{"line":293,"column":12},"end":{"line":293,"column":53},"skip":true}]},"23":{"line":297,"type":"binary-expr","locations":[{"start":{"line":297,"column":12},"end":{"line":297,"column":73},"skip":true},{"start":{"line":298,"column":12},"end":{"line":301,"column":36},"skip":true}]},"24":{"line":303,"type":"binary-expr","locations":[{"start":{"line":303,"column":43},"end":{"line":303,"column":75},"skip":true},{"start":{"line":303,"column":79},"end":{"line":303,"column":81},"skip":true}]},"25":{"line":306,"type":"if","locations":[{"start":{"line":306,"column":8},"end":{"line":306,"column":8},"skip":true},{"start":{"line":306,"column":8},"end":{"line":306,"column":8},"skip":true}]},"26":{"line":310,"type":"if","locations":[{"start":{"line":310,"column":8},"end":{"line":310,"column":8},"skip":true},{"start":{"line":310,"column":8},"end":{"line":310,"column":8},"skip":true}]},"27":{"line":313,"type":"binary-expr","locations":[{"start":{"line":313,"column":27},"end":{"line":313,"column":43},"skip":true},{"start":{"line":313,"column":47},"end":{"line":313,"column":53},"skip":true}]},"28":{"line":317,"type":"if","locations":[{"start":{"line":317,"column":12},"end":{"line":317,"column":12},"skip":true},{"start":{"line":317,"column":12},"end":{"line":317,"column":12},"skip":true}]}},"code":["/*","example.js","","quickstart example","","instruction","    1. save this script as example.js","    2. run the shell command:","        $ npm install npmtest-ng2-page-scroll && PORT=8081 node example.js","    3. play with the browser-demo on http://127.0.0.1:8081","*/","","","","/* istanbul instrument in package npmtest_ng2_page_scroll */","/*jslint","    bitwise: true,","    browser: true,","    maxerr: 8,","    maxlen: 96,","    node: true,","    nomen: true,","    regexp: true,","    stupid: true","*/","(function () {","    'use strict';","    var local;","","","","    // run shared js-env code - init-before","    (function () {","        // init local","        local = {};","        // init modeJs","        local.modeJs = (function () {","            try {","                return typeof navigator.userAgent === 'string' &&","                    typeof document.querySelector('body') === 'object' &&","                    typeof XMLHttpRequest.prototype.open === 'function' &&","                    'browser';","            } catch (errorCaughtBrowser) {","                return module.exports &&","                    typeof process.versions.node === 'string' &&","                    typeof require('http').createServer === 'function' &&","                    'node';","            }","        }());","        // init global","        local.global = local.modeJs === 'browser'","            ? window","            : global;","        // init utility2_rollup","        local = local.global.utility2_rollup || (local.modeJs === 'browser'","            ? local.global.utility2_npmtest_ng2_page_scroll","            : global.utility2_moduleExports);","        // export local","        local.global.local = local;","    }());","    switch (local.modeJs) {","","","","    // init-after","    // run browser js-env code - init-after","    /* istanbul ignore next */","    case 'browser':","        local.testRunBrowser = function (event) {","            if (!event || (event &&","                    event.currentTarget &&","                    event.currentTarget.className &&","                    event.currentTarget.className.includes &&","                    event.currentTarget.className.includes('onreset'))) {","                // reset output","                Array.from(","                    document.querySelectorAll('body > .resettable')","                ).forEach(function (element) {","                    switch (element.tagName) {","                    case 'INPUT':","                    case 'TEXTAREA':","                        element.value = '';","                        break;","                    default:","                        element.textContent = '';","                    }","                });","            }","            switch (event && event.currentTarget && event.currentTarget.id) {","            case 'testRunButton1':","                // show tests","                if (document.querySelector('#testReportDiv1').style.display === 'none') {","                    document.querySelector('#testReportDiv1').style.display = 'block';","                    document.querySelector('#testRunButton1').textContent =","                        'hide internal test';","                    local.modeTest = true;","                    local.testRunDefault(local);","                // hide tests","                } else {","                    document.querySelector('#testReportDiv1').style.display = 'none';","                    document.querySelector('#testRunButton1').textContent = 'run internal test';","                }","                break;","            // custom-case","            default:","                break;","            }","            if (document.querySelector('#inputTextareaEval1') && (!event || (event &&","                    event.currentTarget &&","                    event.currentTarget.className &&","                    event.currentTarget.className.includes &&","                    event.currentTarget.className.includes('oneval')))) {","                // try to eval input-code","                try {","                    /*jslint evil: true*/","                    eval(document.querySelector('#inputTextareaEval1').value);","                } catch (errorCaught) {","                    console.error(errorCaught);","                }","            }","        };","        // log stderr and stdout to #outputTextareaStdout1","        ['error', 'log'].forEach(function (key) {","            console[key + '_original'] = console[key];","            console[key] = function () {","                var element;","                console[key + '_original'].apply(console, arguments);","                element = document.querySelector('#outputTextareaStdout1');","                if (!element) {","                    return;","                }","                // append text to #outputTextareaStdout1","                element.value += Array.from(arguments).map(function (arg) {","                    return typeof arg === 'string'","                        ? arg","                        : JSON.stringify(arg, null, 4);","                }).join(' ') + '\\n';","                // scroll textarea to bottom","                element.scrollTop = element.scrollHeight;","            };","        });","        // init event-handling","        ['change', 'click', 'keyup'].forEach(function (event) {","            Array.from(document.querySelectorAll('.on' + event)).forEach(function (element) {","                element.addEventListener(event, local.testRunBrowser);","            });","        });","        // run tests","        local.testRunBrowser();","        break;","","","","    // run node js-env code - init-after","    /* istanbul ignore next */","    case 'node':","        // export local","        module.exports = local;","        // require modules","        local.fs = require('fs');","        local.http = require('http');","        local.url = require('url');","        // init assets","        local.assetsDict = local.assetsDict || {};","        /* jslint-ignore-begin */","        local.assetsDict['/assets.index.template.html'] = '\\","<!doctype html>\\n\\","<html lang=\"en\">\\n\\","<head>\\n\\","<meta charset=\"UTF-8\">\\n\\","<meta name=\"viewport\" content=\"width=device-width, initial-scale=1\">\\n\\","<title>{{env.npm_package_name}} (v{{env.npm_package_version}})</title>\\n\\","<style>\\n\\","/*csslint\\n\\","    box-sizing: false,\\n\\","    universal-selector: false\\n\\","*/\\n\\","* {\\n\\","    box-sizing: border-box;\\n\\","}\\n\\","body {\\n\\","    background: #dde;\\n\\","    font-family: Arial, Helvetica, sans-serif;\\n\\","    margin: 2rem;\\n\\","}\\n\\","body > * {\\n\\","    margin-bottom: 1rem;\\n\\","}\\n\\",".utility2FooterDiv {\\n\\","    margin-top: 20px;\\n\\","    text-align: center;\\n\\","}\\n\\","</style>\\n\\","<style>\\n\\","/*csslint\\n\\","*/\\n\\","textarea {\\n\\","    font-family: monospace;\\n\\","    height: 10rem;\\n\\","    width: 100%;\\n\\","}\\n\\","textarea[readonly] {\\n\\","    background: #ddd;\\n\\","}\\n\\","</style>\\n\\","</head>\\n\\","<body>\\n\\","<!-- utility2-comment\\n\\","<div id=\"ajaxProgressDiv1\" style=\"background: #d00; height: 2px; left: 0; margin: 0; padding: 0; position: fixed; top: 0; transition: background 0.5s, width 1.5s; width: 25%;\"></div>\\n\\","utility2-comment -->\\n\\","<h1>\\n\\","<!-- utility2-comment\\n\\","    <a\\n\\","        {{#if env.npm_package_homepage}}\\n\\","        href=\"{{env.npm_package_homepage}}\"\\n\\","        {{/if env.npm_package_homepage}}\\n\\","        target=\"_blank\"\\n\\","    >\\n\\","utility2-comment -->\\n\\","        {{env.npm_package_name}} (v{{env.npm_package_version}})\\n\\","<!-- utility2-comment\\n\\","    </a>\\n\\","utility2-comment -->\\n\\","</h1>\\n\\","<h3>{{env.npm_package_description}}</h3>\\n\\","<!-- utility2-comment\\n\\","<h4><a download href=\"assets.app.js\">download standalone app</a></h4>\\n\\","<button class=\"onclick onreset\" id=\"testRunButton1\">run internal test</button><br>\\n\\","<div id=\"testReportDiv1\" style=\"display: none;\"></div>\\n\\","utility2-comment -->\\n\\","\\n\\","\\n\\","\\n\\","<label>stderr and stdout</label>\\n\\","<textarea class=\"resettable\" id=\"outputTextareaStdout1\" readonly></textarea>\\n\\","<!-- utility2-comment\\n\\","{{#if isRollup}}\\n\\","<script src=\"assets.app.js\"></script>\\n\\","{{#unless isRollup}}\\n\\","utility2-comment -->\\n\\","<script src=\"assets.utility2.rollup.js\"></script>\\n\\","<script src=\"jsonp.utility2._stateInit?callback=window.utility2._stateInit\"></script>\\n\\","<script src=\"assets.npmtest_ng2_page_scroll.rollup.js\"></script>\\n\\","<script src=\"assets.example.js\"></script>\\n\\","<script src=\"assets.test.js\"></script>\\n\\","<!-- utility2-comment\\n\\","{{/if isRollup}}\\n\\","utility2-comment -->\\n\\","<div class=\"utility2FooterDiv\">\\n\\","    [ this app was created with\\n\\","    <a href=\"https://github.com/kaizhu256/node-utility2\" target=\"_blank\">utility2</a>\\n\\","    ]\\n\\","</div>\\n\\","</body>\\n\\","</html>\\n\\","';","        /* jslint-ignore-end */","        if (local.templateRender) {","            local.assetsDict['/'] = local.templateRender(","                local.assetsDict['/assets.index.template.html'],","                {","                    env: local.objectSetDefault(local.env, {","                        npm_package_description: 'the greatest app in the world!',","                        npm_package_name: 'my-app',","                        npm_package_nameAlias: 'my_app',","                        npm_package_version: '0.0.1'","                    })","                }","            );","        } else {","            local.assetsDict['/'] = local.assetsDict['/assets.index.template.html']","                .replace((/\\{\\{env\\.(\\w+?)\\}\\}/g), function (match0, match1) {","                    // jslint-hack","                    String(match0);","                    switch (match1) {","                    case 'npm_package_description':","                        return 'the greatest app in the world!';","                    case 'npm_package_name':","                        return 'my-app';","                    case 'npm_package_nameAlias':","                        return 'my_app';","                    case 'npm_package_version':","                        return '0.0.1';","                    }","                });","        }","        // run the cli","        if (local.global.utility2_rollup || module !== require.main) {","            break;","        }","        local.assetsDict['/assets.example.js'] =","            local.assetsDict['/assets.example.js'] ||","            local.fs.readFileSync(__filename, 'utf8');","        // bug-workaround - long $npm_package_buildCustomOrg","        /* jslint-ignore-begin */","        local.assetsDict['/assets.npmtest_ng2_page_scroll.rollup.js'] =","            local.assetsDict['/assets.npmtest_ng2_page_scroll.rollup.js'] ||","            local.fs.readFileSync(","                local.npmtest_ng2_page_scroll.__dirname + '/lib.npmtest_ng2_page_scroll.js',","                'utf8'","            ).replace((/^#!/), '//');","        /* jslint-ignore-end */","        local.assetsDict['/favicon.ico'] = local.assetsDict['/favicon.ico'] || '';","        // if $npm_config_timeout_exit exists,","        // then exit this process after $npm_config_timeout_exit ms","        if (Number(process.env.npm_config_timeout_exit)) {","            setTimeout(process.exit, Number(process.env.npm_config_timeout_exit));","        }","        // start server","        if (local.global.utility2_serverHttp1) {","            break;","        }","        process.env.PORT = process.env.PORT || '8081';","        console.error('server starting on port ' + process.env.PORT);","        local.http.createServer(function (request, response) {","            request.urlParsed = local.url.parse(request.url);","            if (local.assetsDict[request.urlParsed.pathname] !== undefined) {","                response.end(local.assetsDict[request.urlParsed.pathname]);","                return;","            }","            response.statusCode = 404;","            response.end();","        }).listen(process.env.PORT);","        break;","    }","}());",""],"l":{"26":2,"28":2,"33":2,"35":2,"37":2,"38":2,"39":2,"44":1,"51":2,"55":2,"59":2,"61":2,"69":1,"70":2,"76":2,"79":2,"82":2,"83":2,"85":1,"89":2,"92":1,"93":1,"94":1,"96":1,"97":1,"100":1,"101":1,"103":1,"106":1,"108":2,"114":1,"116":1,"118":1,"123":1,"124":2,"125":2,"126":3,"127":3,"128":3,"129":3,"130":1,"133":3,"134":3,"139":3,"143":1,"144":3,"145":1,"149":1,"150":1,"158":1,"160":1,"161":1,"162":1,"164":1,"166":1,"258":1,"259":1,"271":1,"274":6,"275":6,"277":1,"279":2,"281":1,"283":2,"288":1,"289":1,"291":1,"296":1,"303":1,"306":1,"307":1,"310":1,"311":1,"313":1,"314":1,"315":1,"316":1,"317":1,"318":1,"319":1,"321":1,"322":1,"324":1}},"/home/travis/build/npmtest/node-npmtest-ng2-page-scroll/node_modules/ng2-page-scroll/bundles/ng2-page-scroll.umd.js":{"path":"/home/travis/build/npmtest/node-npmtest-ng2-page-scroll/node_modules/ng2-page-scroll/bundles/ng2-page-scroll.umd.js","s":{"1":2,"2":2,"3":0,"4":1,"5":0,"6":0,"7":1,"8":0,"9":0,"10":0,"11":0,"12":0,"13":0,"14":0,"15":0,"16":0,"17":0,"18":0,"19":0,"20":0,"21":0,"22":0,"23":0,"24":0,"25":0,"26":1,"27":0,"28":0,"29":0,"30":0,"31":0,"32":0,"33":0,"34":0,"35":0,"36":0,"37":0,"38":0,"39":0,"40":0,"41":0,"42":0,"43":0,"44":0,"45":0,"46":1,"47":0,"48":0,"49":0,"50":0,"51":0,"52":0,"53":0,"54":0,"55":0,"56":0,"57":0,"58":0,"59":0,"60":0,"61":0,"62":0,"63":0,"64":0,"65":0,"66":0,"67":0,"68":0,"69":0,"70":0,"71":0,"72":0,"73":0,"74":0,"75":0,"76":0,"77":0,"78":0,"79":0,"80":0,"81":0,"82":0,"83":0,"84":0,"85":0,"86":0,"87":0,"88":0,"89":0,"90":0,"91":0,"92":0,"93":0,"94":0,"95":0,"96":0,"97":0,"98":0,"99":0,"100":0,"101":0,"102":0,"103":0,"104":0,"105":0,"106":0,"107":0,"108":0,"109":0,"110":0,"111":0,"112":0,"113":0,"114":0,"115":0,"116":0,"117":0,"118":0,"119":0,"120":0,"121":0,"122":0,"123":0,"124":0,"125":0,"126":0,"127":0,"128":0,"129":0,"130":0,"131":0,"132":0,"133":0,"134":0,"135":0,"136":0,"137":0,"138":0,"139":0,"140":0,"141":0,"142":0,"143":0,"144":0,"145":0,"146":0,"147":0,"148":0,"149":0,"150":0,"151":1,"152":0,"153":0,"154":0,"155":0,"156":0,"157":0,"158":0,"159":0,"160":0,"161":0,"162":0,"163":0,"164":0,"165":0,"166":0,"167":0,"168":0,"169":0,"170":0,"171":0,"172":0,"173":0,"174":0,"175":0,"176":0,"177":0,"178":0,"179":0,"180":0,"181":0,"182":0,"183":0,"184":0,"185":0,"186":0,"187":0,"188":0,"189":0,"190":0,"191":0,"192":0,"193":0,"194":0,"195":0,"196":0,"197":0,"198":0,"199":0,"200":0,"201":0,"202":0,"203":0,"204":0,"205":0,"206":0,"207":0,"208":0,"209":0,"210":0,"211":0,"212":0,"213":0,"214":0,"215":0,"216":0,"217":0,"218":0,"219":0,"220":0,"221":0,"222":0,"223":0,"224":0,"225":0,"226":0,"227":0,"228":0,"229":0,"230":0,"231":0,"232":0,"233":0,"234":0,"235":0,"236":0,"237":0,"238":0,"239":0,"240":0,"241":0,"242":0,"243":0,"244":0,"245":0,"246":0,"247":0,"248":0,"249":0,"250":0,"251":0,"252":0,"253":0,"254":0,"255":0,"256":0,"257":0,"258":0,"259":0,"260":0,"261":0,"262":0,"263":0,"264":0,"265":0,"266":0,"267":0,"268":0,"269":0,"270":0,"271":0,"272":0,"273":0,"274":0,"275":0,"276":0,"277":0,"278":0,"279":0,"280":0,"281":0,"282":0,"283":0,"284":0,"285":0,"286":0,"287":0,"288":0,"289":0,"290":0,"291":0,"292":0,"293":0,"294":0,"295":0,"296":0,"297":0,"298":0,"299":0,"300":0,"301":0,"302":0,"303":0,"304":0,"305":0,"306":0,"307":1,"308":0,"309":0,"310":0,"311":0,"312":0,"313":0,"314":0,"315":0,"316":0,"317":0,"318":0,"319":0,"320":0,"321":0,"322":0,"323":0,"324":0,"325":0,"326":0,"327":0,"328":0,"329":0,"330":0,"331":0,"332":0,"333":0,"334":0,"335":0,"336":0,"337":0,"338":0,"339":0,"340":0,"341":0,"342":0,"343":0,"344":0,"345":0,"346":0,"347":0,"348":0,"349":0,"350":0,"351":0,"352":0,"353":0,"354":0,"355":0,"356":0,"357":0,"358":0,"359":1,"360":0,"361":0,"362":0,"363":0,"364":0,"365":0,"366":0,"367":0,"368":0,"369":0,"370":0,"371":0,"372":0,"373":0},"b":{"1":[2,0],"2":[2,2],"3":[0,0],"4":[0,0],"5":[0,0],"6":[0,0],"7":[0,0],"8":[0,0,0],"9":[0,0,0],"10":[0,0,0],"11":[0,0,0],"12":[0,0,0],"13":[0,0,0],"14":[0,0,0],"15":[0,0],"16":[0,0],"17":[0,0],"18":[0,0],"19":[0,0],"20":[0,0],"21":[0,0],"22":[0,0],"23":[0,0],"24":[0,0],"25":[0,0],"26":[0,0],"27":[0,0],"28":[0,0],"29":[0,0],"30":[0,0],"31":[0,0],"32":[0,0],"33":[0,0],"34":[0,0],"35":[0,0],"36":[0,0],"37":[0,0],"38":[0,0],"39":[0,0],"40":[0,0],"41":[0,0],"42":[0,0],"43":[0,0,0],"44":[0,0],"45":[0,0],"46":[0,0],"47":[0,0],"48":[0,0],"49":[0,0,0],"50":[0,0],"51":[0,0],"52":[0,0],"53":[0,0],"54":[0,0],"55":[0,0],"56":[0,0],"57":[0,0],"58":[0,0],"59":[0,0],"60":[0,0],"61":[0,0,0],"62":[0,0,0],"63":[0,0],"64":[0,0],"65":[0,0],"66":[0,0],"67":[0,0],"68":[0,0],"69":[0,0],"70":[0,0],"71":[0,0],"72":[0,0],"73":[0,0],"74":[0,0],"75":[0,0],"76":[0,0],"77":[0,0],"78":[0,0],"79":[0,0],"80":[0,0],"81":[0,0],"82":[0,0],"83":[0,0],"84":[0,0],"85":[0,0,0],"86":[0,0],"87":[0,0,0],"88":[0,0],"89":[0,0],"90":[0,0],"91":[0,0],"92":[0,0]},"f":{"1":2,"2":0,"3":0,"4":0,"5":0,"6":0,"7":0,"8":0,"9":0,"10":0,"11":0,"12":0,"13":0,"14":0,"15":0,"16":0,"17":0,"18":0,"19":0,"20":0,"21":0,"22":0,"23":0,"24":0,"25":0,"26":0,"27":0,"28":0,"29":0,"30":0,"31":0,"32":0,"33":0,"34":0,"35":0,"36":0,"37":0,"38":0,"39":0,"40":0,"41":0,"42":0,"43":0,"44":0,"45":0,"46":0,"47":0,"48":0,"49":0,"50":0,"51":0,"52":0,"53":0,"54":0,"55":0,"56":0,"57":0,"58":0,"59":0,"60":0,"61":0,"62":0,"63":0,"64":0,"65":0,"66":0,"67":0,"68":0,"69":0,"70":0,"71":0,"72":0,"73":0,"74":0,"75":0,"76":0,"77":0,"78":0,"79":0,"80":0},"fnMap":{"1":{"name":"(anonymous_1)","line":1,"loc":{"start":{"line":1,"column":1},"end":{"line":1,"column":28}}},"2":{"name":"(anonymous_2)","line":5,"loc":{"start":{"line":5,"column":9},"end":{"line":5,"column":99}}},"3":{"name":"(anonymous_3)","line":7,"loc":{"start":{"line":7,"column":19},"end":{"line":7,"column":31}}},"4":{"name":"EasingLogic","line":8,"loc":{"start":{"line":8,"column":4},"end":{"line":8,"column":27}}},"5":{"name":"(anonymous_5)","line":12,"loc":{"start":{"line":12,"column":24},"end":{"line":12,"column":36}}},"6":{"name":"PageScrollConfig","line":13,"loc":{"start":{"line":13,"column":4},"end":{"line":13,"column":32}}},"7":{"name":"(anonymous_7)","line":17,"loc":{"start":{"line":17,"column":13},"end":{"line":17,"column":25}}},"8":{"name":"(anonymous_8)","line":20,"loc":{"start":{"line":20,"column":13},"end":{"line":20,"column":36}}},"9":{"name":"(anonymous_9)","line":107,"loc":{"start":{"line":107,"column":10},"end":{"line":107,"column":32}}},"10":{"name":"(anonymous_10)","line":116,"loc":{"start":{"line":116,"column":29},"end":{"line":116,"column":41}}},"11":{"name":"PageScrollUtilService","line":117,"loc":{"start":{"line":117,"column":4},"end":{"line":117,"column":37}}},"12":{"name":"(anonymous_12)","line":124,"loc":{"start":{"line":124,"column":46},"end":{"line":124,"column":66}}},"13":{"name":"(anonymous_13)","line":127,"loc":{"start":{"line":127,"column":51},"end":{"line":127,"column":92}}},"14":{"name":"(anonymous_14)","line":148,"loc":{"start":{"line":148,"column":25},"end":{"line":148,"column":37}}},"15":{"name":"PageScrollService","line":149,"loc":{"start":{"line":149,"column":4},"end":{"line":149,"column":33}}},"16":{"name":"(anonymous_16)","line":153,"loc":{"start":{"line":153,"column":20},"end":{"line":153,"column":57}}},"17":{"name":"(anonymous_17)","line":169,"loc":{"start":{"line":169,"column":64},"end":{"line":169,"column":89}}},"18":{"name":"(anonymous_18)","line":185,"loc":{"start":{"line":185,"column":47},"end":{"line":185,"column":90}}},"19":{"name":"(anonymous_19)","line":210,"loc":{"start":{"line":210,"column":40},"end":{"line":210,"column":70}}},"20":{"name":"(anonymous_20)","line":225,"loc":{"start":{"line":225,"column":50},"end":{"line":225,"column":75}}},"21":{"name":"(anonymous_21)","line":290,"loc":{"start":{"line":290,"column":47},"end":{"line":290,"column":78}}},"22":{"name":"(anonymous_22)","line":326,"loc":{"start":{"line":326,"column":42},"end":{"line":326,"column":63}}},"23":{"name":"(anonymous_23)","line":343,"loc":{"start":{"line":343,"column":39},"end":{"line":343,"column":69}}},"24":{"name":"(anonymous_24)","line":353,"loc":{"start":{"line":353,"column":35},"end":{"line":353,"column":47}}},"25":{"name":"(anonymous_25)","line":361,"loc":{"start":{"line":361,"column":26},"end":{"line":361,"column":38}}},"26":{"name":"PageScrollInstance","line":370,"loc":{"start":{"line":370,"column":4},"end":{"line":370,"column":53}}},"27":{"name":"(anonymous_27)","line":406,"loc":{"start":{"line":406,"column":40},"end":{"line":406,"column":85}}},"28":{"name":"(anonymous_28)","line":413,"loc":{"start":{"line":413,"column":37},"end":{"line":413,"column":56}}},"29":{"name":"(anonymous_29)","line":465,"loc":{"start":{"line":465,"column":49},"end":{"line":465,"column":113}}},"30":{"name":"(anonymous_30)","line":488,"loc":{"start":{"line":488,"column":46},"end":{"line":488,"column":106}}},"31":{"name":"(anonymous_31)","line":508,"loc":{"start":{"line":508,"column":55},"end":{"line":508,"column":134}}},"32":{"name":"(anonymous_32)","line":538,"loc":{"start":{"line":538,"column":42},"end":{"line":538,"column":234}}},"33":{"name":"(anonymous_33)","line":552,"loc":{"start":{"line":552,"column":58},"end":{"line":552,"column":83}}},"34":{"name":"(anonymous_34)","line":566,"loc":{"start":{"line":566,"column":63},"end":{"line":566,"column":75}}},"35":{"name":"(anonymous_35)","line":619,"loc":{"start":{"line":619,"column":52},"end":{"line":619,"column":64}}},"36":{"name":"(anonymous_36)","line":629,"loc":{"start":{"line":629,"column":53},"end":{"line":629,"column":73}}},"37":{"name":"(anonymous_37)","line":635,"loc":{"start":{"line":635,"column":42},"end":{"line":635,"column":85}}},"38":{"name":"(anonymous_38)","line":666,"loc":{"start":{"line":666,"column":45},"end":{"line":666,"column":62}}},"39":{"name":"(anonymous_39)","line":679,"loc":{"start":{"line":679,"column":60},"end":{"line":679,"column":89}}},"40":{"name":"(anonymous_40)","line":685,"loc":{"start":{"line":685,"column":34},"end":{"line":685,"column":51}}},"41":{"name":"(anonymous_41)","line":688,"loc":{"start":{"line":688,"column":50},"end":{"line":688,"column":67}}},"42":{"name":"(anonymous_42)","line":695,"loc":{"start":{"line":695,"column":60},"end":{"line":695,"column":72}}},"43":{"name":"(anonymous_43)","line":697,"loc":{"start":{"line":697,"column":50},"end":{"line":697,"column":67}}},"44":{"name":"(anonymous_44)","line":701,"loc":{"start":{"line":701,"column":13},"end":{"line":701,"column":25}}},"45":{"name":"(anonymous_45)","line":708,"loc":{"start":{"line":708,"column":13},"end":{"line":708,"column":25}}},"46":{"name":"(anonymous_46)","line":715,"loc":{"start":{"line":715,"column":13},"end":{"line":715,"column":25}}},"47":{"name":"(anonymous_47)","line":722,"loc":{"start":{"line":722,"column":13},"end":{"line":722,"column":25}}},"48":{"name":"(anonymous_48)","line":729,"loc":{"start":{"line":729,"column":13},"end":{"line":729,"column":25}}},"49":{"name":"(anonymous_49)","line":732,"loc":{"start":{"line":732,"column":13},"end":{"line":732,"column":30}}},"50":{"name":"(anonymous_50)","line":739,"loc":{"start":{"line":739,"column":13},"end":{"line":739,"column":25}}},"51":{"name":"(anonymous_51)","line":742,"loc":{"start":{"line":742,"column":13},"end":{"line":742,"column":30}}},"52":{"name":"(anonymous_52)","line":749,"loc":{"start":{"line":749,"column":13},"end":{"line":749,"column":25}}},"53":{"name":"(anonymous_53)","line":752,"loc":{"start":{"line":752,"column":13},"end":{"line":752,"column":30}}},"54":{"name":"(anonymous_54)","line":759,"loc":{"start":{"line":759,"column":13},"end":{"line":759,"column":25}}},"55":{"name":"(anonymous_55)","line":762,"loc":{"start":{"line":762,"column":13},"end":{"line":762,"column":30}}},"56":{"name":"(anonymous_56)","line":769,"loc":{"start":{"line":769,"column":13},"end":{"line":769,"column":25}}},"57":{"name":"(anonymous_57)","line":776,"loc":{"start":{"line":776,"column":13},"end":{"line":776,"column":25}}},"58":{"name":"(anonymous_58)","line":783,"loc":{"start":{"line":783,"column":13},"end":{"line":783,"column":25}}},"59":{"name":"(anonymous_59)","line":790,"loc":{"start":{"line":790,"column":13},"end":{"line":790,"column":25}}},"60":{"name":"(anonymous_60)","line":797,"loc":{"start":{"line":797,"column":13},"end":{"line":797,"column":25}}},"61":{"name":"(anonymous_61)","line":800,"loc":{"start":{"line":800,"column":13},"end":{"line":800,"column":30}}},"62":{"name":"(anonymous_62)","line":807,"loc":{"start":{"line":807,"column":13},"end":{"line":807,"column":25}}},"63":{"name":"(anonymous_63)","line":810,"loc":{"start":{"line":810,"column":13},"end":{"line":810,"column":30}}},"64":{"name":"(anonymous_64)","line":817,"loc":{"start":{"line":817,"column":13},"end":{"line":817,"column":25}}},"65":{"name":"(anonymous_65)","line":820,"loc":{"start":{"line":820,"column":13},"end":{"line":820,"column":30}}},"66":{"name":"(anonymous_66)","line":827,"loc":{"start":{"line":827,"column":13},"end":{"line":827,"column":25}}},"67":{"name":"(anonymous_67)","line":836,"loc":{"start":{"line":836,"column":18},"end":{"line":836,"column":30}}},"68":{"name":"PageScroll","line":837,"loc":{"start":{"line":837,"column":4},"end":{"line":837,"column":61}}},"69":{"name":"(anonymous_69)","line":850,"loc":{"start":{"line":850,"column":39},"end":{"line":850,"column":58}}},"70":{"name":"(anonymous_70)","line":854,"loc":{"start":{"line":854,"column":39},"end":{"line":854,"column":51}}},"71":{"name":"(anonymous_71)","line":860,"loc":{"start":{"line":860,"column":54},"end":{"line":860,"column":66}}},"72":{"name":"(anonymous_72)","line":878,"loc":{"start":{"line":878,"column":43},"end":{"line":878,"column":55}}},"73":{"name":"(anonymous_73)","line":888,"loc":{"start":{"line":888,"column":34},"end":{"line":888,"column":46}}},"74":{"name":"(anonymous_74)","line":893,"loc":{"start":{"line":893,"column":39},"end":{"line":893,"column":61}}},"75":{"name":"(anonymous_75)","line":907,"loc":{"start":{"line":907,"column":66},"end":{"line":907,"column":89}}},"76":{"name":"(anonymous_76)","line":933,"loc":{"start":{"line":933,"column":28},"end":{"line":933,"column":40}}},"77":{"name":"(anonymous_77)","line":955,"loc":{"start":{"line":955,"column":27},"end":{"line":955,"column":39}}},"78":{"name":"Ng2PageScrollModule","line":956,"loc":{"start":{"line":956,"column":4},"end":{"line":956,"column":35}}},"79":{"name":"(anonymous_79)","line":958,"loc":{"start":{"line":958,"column":34},"end":{"line":958,"column":46}}},"80":{"name":"(anonymous_80)","line":976,"loc":{"start":{"line":976,"column":37},"end":{"line":976,"column":49}}}},"statementMap":{"1":{"start":{"line":1,"column":0},"end":{"line":988,"column":5}},"2":{"start":{"line":2,"column":1},"end":{"line":4,"column":219}},"3":{"start":{"line":7,"column":0},"end":{"line":11,"column":5}},"4":{"start":{"line":8,"column":4},"end":{"line":9,"column":5}},"5":{"start":{"line":10,"column":4},"end":{"line":10,"column":23}},"6":{"start":{"line":12,"column":0},"end":{"line":27,"column":5}},"7":{"start":{"line":13,"column":4},"end":{"line":14,"column":5}},"8":{"start":{"line":15,"column":4},"end":{"line":25,"column":7}},"9":{"start":{"line":18,"column":12},"end":{"line":18,"column":49}},"10":{"start":{"line":21,"column":12},"end":{"line":21,"column":56}},"11":{"start":{"line":26,"column":4},"end":{"line":26,"column":28}},"12":{"start":{"line":34,"column":0},"end":{"line":34,"column":32}},"13":{"start":{"line":44,"column":0},"end":{"line":44,"column":40}},"14":{"start":{"line":50,"column":0},"end":{"line":50,"column":47}},"15":{"start":{"line":56,"column":0},"end":{"line":56,"column":51}},"16":{"start":{"line":65,"column":0},"end":{"line":65,"column":31}},"17":{"start":{"line":71,"column":0},"end":{"line":71,"column":40}},"18":{"start":{"line":77,"column":0},"end":{"line":77,"column":41}},"19":{"start":{"line":86,"column":0},"end":{"line":86,"column":64}},"20":{"start":{"line":92,"column":0},"end":{"line":92,"column":113}},"21":{"start":{"line":99,"column":0},"end":{"line":99,"column":59}},"22":{"start":{"line":105,"column":0},"end":{"line":105,"column":45}},"23":{"start":{"line":106,"column":0},"end":{"line":111,"column":2}},"24":{"start":{"line":109,"column":8},"end":{"line":109,"column":29}},"25":{"start":{"line":116,"column":0},"end":{"line":146,"column":5}},"26":{"start":{"line":117,"column":4},"end":{"line":118,"column":5}},"27":{"start":{"line":124,"column":4},"end":{"line":126,"column":6}},"28":{"start":{"line":125,"column":8},"end":{"line":125,"column":96}},"29":{"start":{"line":127,"column":4},"end":{"line":144,"column":6}},"30":{"start":{"line":128,"column":8},"end":{"line":128,"column":33}},"31":{"start":{"line":129,"column":8},"end":{"line":129,"column":45}},"32":{"start":{"line":130,"column":8},"end":{"line":130,"column":102}},"33":{"start":{"line":131,"column":8},"end":{"line":131,"column":102}},"34":{"start":{"line":132,"column":8},"end":{"line":132,"column":79}},"35":{"start":{"line":133,"column":8},"end":{"line":133,"column":82}},"36":{"start":{"line":134,"column":8},"end":{"line":134,"column":63}},"37":{"start":{"line":135,"column":8},"end":{"line":135,"column":66}},"38":{"start":{"line":136,"column":8},"end":{"line":139,"column":9}},"39":{"start":{"line":138,"column":12},"end":{"line":138,"column":56}},"40":{"start":{"line":140,"column":8},"end":{"line":140,"column":62}},"41":{"start":{"line":141,"column":8},"end":{"line":141,"column":50}},"42":{"start":{"line":142,"column":8},"end":{"line":142,"column":54}},"43":{"start":{"line":143,"column":8},"end":{"line":143,"column":64}},"44":{"start":{"line":145,"column":4},"end":{"line":145,"column":33}},"45":{"start":{"line":148,"column":0},"end":{"line":347,"column":5}},"46":{"start":{"line":149,"column":4},"end":{"line":184,"column":5}},"47":{"start":{"line":150,"column":8},"end":{"line":150,"column":25}},"48":{"start":{"line":151,"column":8},"end":{"line":151,"column":35}},"49":{"start":{"line":152,"column":8},"end":{"line":178,"column":10}},"50":{"start":{"line":154,"column":16},"end":{"line":157,"column":17}},"51":{"start":{"line":156,"column":20},"end":{"line":156,"column":27}},"52":{"start":{"line":158,"column":16},"end":{"line":158,"column":38}},"53":{"start":{"line":159,"column":16},"end":{"line":173,"column":17}},"54":{"start":{"line":161,"column":20},"end":{"line":164,"column":21}},"55":{"start":{"line":163,"column":24},"end":{"line":163,"column":43}},"56":{"start":{"line":166,"column":21},"end":{"line":173,"column":17}},"57":{"start":{"line":169,"column":20},"end":{"line":172,"column":21}},"58":{"start":{"line":169,"column":91},"end":{"line":169,"column":135}},"59":{"start":{"line":171,"column":24},"end":{"line":171,"column":43}},"60":{"start":{"line":174,"column":16},"end":{"line":176,"column":17}},"61":{"start":{"line":175,"column":20},"end":{"line":175,"column":64}},"62":{"start":{"line":179,"column":8},"end":{"line":182,"column":9}},"63":{"start":{"line":180,"column":12},"end":{"line":181,"column":77}},"64":{"start":{"line":183,"column":8},"end":{"line":183,"column":44}},"65":{"start":{"line":185,"column":4},"end":{"line":202,"column":6}},"66":{"start":{"line":186,"column":8},"end":{"line":186,"column":70}},"67":{"start":{"line":187,"column":8},"end":{"line":189,"column":9}},"68":{"start":{"line":188,"column":12},"end":{"line":188,"column":51}},"69":{"start":{"line":190,"column":8},"end":{"line":192,"column":9}},"70":{"start":{"line":191,"column":12},"end":{"line":191,"column":58}},"71":{"start":{"line":193,"column":8},"end":{"line":200,"column":9}},"72":{"start":{"line":195,"column":12},"end":{"line":195,"column":52}},"73":{"start":{"line":197,"column":12},"end":{"line":197,"column":49}},"74":{"start":{"line":198,"column":12},"end":{"line":198,"column":55}},"75":{"start":{"line":199,"column":12},"end":{"line":199,"column":24}},"76":{"start":{"line":201,"column":8},"end":{"line":201,"column":21}},"77":{"start":{"line":210,"column":4},"end":{"line":319,"column":6}},"78":{"start":{"line":211,"column":8},"end":{"line":211,"column":25}},"79":{"start":{"line":213,"column":8},"end":{"line":213,"column":51}},"80":{"start":{"line":214,"column":8},"end":{"line":220,"column":9}},"81":{"start":{"line":216,"column":12},"end":{"line":218,"column":13}},"82":{"start":{"line":217,"column":16},"end":{"line":217,"column":125}},"83":{"start":{"line":219,"column":12},"end":{"line":219,"column":19}},"84":{"start":{"line":221,"column":8},"end":{"line":221,"column":45}},"85":{"start":{"line":223,"column":8},"end":{"line":223,"column":51}},"86":{"start":{"line":225,"column":8},"end":{"line":238,"column":11}},"87":{"start":{"line":226,"column":12},"end":{"line":228,"column":13}},"88":{"start":{"line":227,"column":16},"end":{"line":227,"column":23}},"89":{"start":{"line":231,"column":12},"end":{"line":231,"column":90}},"90":{"start":{"line":232,"column":12},"end":{"line":237,"column":13}},"91":{"start":{"line":235,"column":16},"end":{"line":235,"column":72}},"92":{"start":{"line":236,"column":16},"end":{"line":236,"column":48}},"93":{"start":{"line":239,"column":8},"end":{"line":239,"column":69}},"94":{"start":{"line":241,"column":8},"end":{"line":241,"column":84}},"95":{"start":{"line":242,"column":8},"end":{"line":242,"column":175}},"96":{"start":{"line":244,"column":8},"end":{"line":244,"column":127}},"97":{"start":{"line":245,"column":8},"end":{"line":252,"column":9}},"98":{"start":{"line":247,"column":12},"end":{"line":249,"column":13}},"99":{"start":{"line":248,"column":16},"end":{"line":248,"column":94}},"100":{"start":{"line":250,"column":12},"end":{"line":250,"column":48}},"101":{"start":{"line":251,"column":12},"end":{"line":251,"column":19}},"102":{"start":{"line":256,"column":8},"end":{"line":256,"column":120}},"103":{"start":{"line":259,"column":8},"end":{"line":259,"column":75}},"104":{"start":{"line":261,"column":8},"end":{"line":264,"column":9}},"105":{"start":{"line":263,"column":12},"end":{"line":263,"column":121}},"106":{"start":{"line":267,"column":8},"end":{"line":267,"column":98}},"107":{"start":{"line":268,"column":8},"end":{"line":280,"column":9}},"108":{"start":{"line":269,"column":12},"end":{"line":276,"column":13}},"109":{"start":{"line":270,"column":16},"end":{"line":275,"column":17}},"110":{"start":{"line":271,"column":20},"end":{"line":271,"column":106}},"111":{"start":{"line":274,"column":20},"end":{"line":274,"column":99}},"112":{"start":{"line":277,"column":12},"end":{"line":277,"column":90}},"113":{"start":{"line":278,"column":12},"end":{"line":278,"column":47}},"114":{"start":{"line":279,"column":12},"end":{"line":279,"column":19}},"115":{"start":{"line":282,"column":8},"end":{"line":285,"column":9}},"116":{"start":{"line":284,"column":12},"end":{"line":284,"column":76}},"117":{"start":{"line":287,"column":8},"end":{"line":287,"column":60}},"118":{"start":{"line":289,"column":8},"end":{"line":289,"column":105}},"119":{"start":{"line":290,"column":8},"end":{"line":316,"column":59}},"120":{"start":{"line":292,"column":12},"end":{"line":292,"column":51}},"121":{"start":{"line":294,"column":12},"end":{"line":294,"column":34}},"122":{"start":{"line":295,"column":12},"end":{"line":295,"column":32}},"123":{"start":{"line":296,"column":12},"end":{"line":304,"column":13}},"124":{"start":{"line":298,"column":16},"end":{"line":298,"column":77}},"125":{"start":{"line":299,"column":16},"end":{"line":299,"column":31}},"126":{"start":{"line":303,"column":16},"end":{"line":303,"column":248}},"127":{"start":{"line":306,"column":12},"end":{"line":310,"column":13}},"128":{"start":{"line":309,"column":16},"end":{"line":309,"column":31}},"129":{"start":{"line":313,"column":12},"end":{"line":315,"column":13}},"130":{"start":{"line":314,"column":16},"end":{"line":314,"column":63}},"131":{"start":{"line":318,"column":8},"end":{"line":318,"column":55}},"132":{"start":{"line":326,"column":4},"end":{"line":342,"column":6}},"133":{"start":{"line":327,"column":8},"end":{"line":340,"column":9}},"134":{"start":{"line":328,"column":12},"end":{"line":328,"column":36}},"135":{"start":{"line":329,"column":12},"end":{"line":338,"column":13}},"136":{"start":{"line":330,"column":16},"end":{"line":330,"column":66}},"137":{"start":{"line":331,"column":16},"end":{"line":337,"column":17}},"138":{"start":{"line":333,"column":20},"end":{"line":333,"column":39}},"139":{"start":{"line":334,"column":20},"end":{"line":334,"column":64}},"140":{"start":{"line":336,"column":20},"end":{"line":336,"column":24}},"141":{"start":{"line":339,"column":12},"end":{"line":339,"column":31}},"142":{"start":{"line":341,"column":8},"end":{"line":341,"column":21}},"143":{"start":{"line":343,"column":4},"end":{"line":345,"column":6}},"144":{"start":{"line":344,"column":8},"end":{"line":344,"column":59}},"145":{"start":{"line":346,"column":4},"end":{"line":346,"column":29}},"146":{"start":{"line":348,"column":0},"end":{"line":348,"column":38}},"147":{"start":{"line":349,"column":0},"end":{"line":351,"column":2}},"148":{"start":{"line":353,"column":0},"end":{"line":353,"column":62}},"149":{"start":{"line":353,"column":49},"end":{"line":353,"column":59}},"150":{"start":{"line":361,"column":0},"end":{"line":834,"column":5}},"151":{"start":{"line":370,"column":4},"end":{"line":402,"column":5}},"152":{"start":{"line":375,"column":8},"end":{"line":375,"column":61}},"153":{"start":{"line":377,"column":8},"end":{"line":377,"column":78}},"154":{"start":{"line":379,"column":8},"end":{"line":379,"column":60}},"155":{"start":{"line":381,"column":8},"end":{"line":381,"column":58}},"156":{"start":{"line":383,"column":8},"end":{"line":383,"column":64}},"157":{"start":{"line":385,"column":8},"end":{"line":385,"column":68}},"158":{"start":{"line":387,"column":8},"end":{"line":387,"column":104}},"159":{"start":{"line":389,"column":8},"end":{"line":389,"column":66}},"160":{"start":{"line":394,"column":8},"end":{"line":394,"column":38}},"161":{"start":{"line":396,"column":8},"end":{"line":396,"column":49}},"162":{"start":{"line":399,"column":8},"end":{"line":399,"column":27}},"163":{"start":{"line":400,"column":8},"end":{"line":400,"column":36}},"164":{"start":{"line":401,"column":8},"end":{"line":401,"column":33}},"165":{"start":{"line":406,"column":4},"end":{"line":412,"column":6}},"166":{"start":{"line":407,"column":8},"end":{"line":411,"column":11}},"167":{"start":{"line":413,"column":4},"end":{"line":453,"column":6}},"168":{"start":{"line":414,"column":8},"end":{"line":416,"column":9}},"169":{"start":{"line":415,"column":12},"end":{"line":415,"column":67}},"170":{"start":{"line":417,"column":8},"end":{"line":417,"column":85}},"171":{"start":{"line":418,"column":8},"end":{"line":425,"column":9}},"172":{"start":{"line":419,"column":12},"end":{"line":419,"column":58}},"173":{"start":{"line":420,"column":12},"end":{"line":420,"column":117}},"174":{"start":{"line":423,"column":12},"end":{"line":423,"column":57}},"175":{"start":{"line":424,"column":12},"end":{"line":424,"column":72}},"176":{"start":{"line":426,"column":8},"end":{"line":426,"column":64}},"177":{"start":{"line":427,"column":8},"end":{"line":429,"column":9}},"178":{"start":{"line":428,"column":12},"end":{"line":428,"column":78}},"179":{"start":{"line":430,"column":8},"end":{"line":432,"column":9}},"180":{"start":{"line":431,"column":12},"end":{"line":431,"column":66}},"181":{"start":{"line":433,"column":8},"end":{"line":435,"column":9}},"182":{"start":{"line":434,"column":12},"end":{"line":434,"column":76}},"183":{"start":{"line":436,"column":8},"end":{"line":443,"column":9}},"184":{"start":{"line":438,"column":12},"end":{"line":438,"column":64}},"185":{"start":{"line":439,"column":12},"end":{"line":439,"column":53}},"186":{"start":{"line":441,"column":13},"end":{"line":443,"column":9}},"187":{"start":{"line":442,"column":12},"end":{"line":442,"column":70}},"188":{"start":{"line":444,"column":8},"end":{"line":446,"column":9}},"189":{"start":{"line":445,"column":12},"end":{"line":445,"column":84}},"190":{"start":{"line":447,"column":8},"end":{"line":448,"column":128}},"191":{"start":{"line":449,"column":8},"end":{"line":451,"column":73}},"192":{"start":{"line":452,"column":8},"end":{"line":452,"column":34}},"193":{"start":{"line":465,"column":4},"end":{"line":472,"column":6}},"194":{"start":{"line":466,"column":8},"end":{"line":471,"column":11}},"195":{"start":{"line":488,"column":4},"end":{"line":496,"column":6}},"196":{"start":{"line":489,"column":8},"end":{"line":495,"column":11}},"197":{"start":{"line":508,"column":4},"end":{"line":516,"column":6}},"198":{"start":{"line":509,"column":8},"end":{"line":515,"column":11}},"199":{"start":{"line":538,"column":4},"end":{"line":551,"column":6}},"200":{"start":{"line":539,"column":8},"end":{"line":550,"column":11}},"201":{"start":{"line":552,"column":4},"end":{"line":557,"column":6}},"202":{"start":{"line":553,"column":8},"end":{"line":555,"column":9}},"203":{"start":{"line":554,"column":12},"end":{"line":554,"column":44}},"204":{"start":{"line":556,"column":8},"end":{"line":556,"column":39}},"205":{"start":{"line":566,"column":4},"end":{"line":611,"column":6}},"206":{"start":{"line":567,"column":8},"end":{"line":567,"column":32}},"207":{"start":{"line":568,"column":8},"end":{"line":573,"column":9}},"208":{"start":{"line":569,"column":12},"end":{"line":569,"column":93}},"209":{"start":{"line":572,"column":12},"end":{"line":572,"column":53}},"210":{"start":{"line":574,"column":8},"end":{"line":577,"column":9}},"211":{"start":{"line":576,"column":12},"end":{"line":576,"column":43}},"212":{"start":{"line":578,"column":8},"end":{"line":609,"column":9}},"213":{"start":{"line":579,"column":12},"end":{"line":579,"column":104}},"214":{"start":{"line":580,"column":12},"end":{"line":607,"column":13}},"215":{"start":{"line":581,"column":16},"end":{"line":581,"column":64}},"216":{"start":{"line":583,"column":16},"end":{"line":583,"column":78}},"217":{"start":{"line":584,"column":16},"end":{"line":584,"column":40}},"218":{"start":{"line":586,"column":16},"end":{"line":586,"column":65}},"219":{"start":{"line":588,"column":16},"end":{"line":596,"column":17}},"220":{"start":{"line":589,"column":20},"end":{"line":592,"column":21}},"221":{"start":{"line":590,"column":24},"end":{"line":590,"column":72}},"222":{"start":{"line":591,"column":24},"end":{"line":591,"column":74}},"223":{"start":{"line":594,"column":20},"end":{"line":594,"column":54}},"224":{"start":{"line":595,"column":20},"end":{"line":595,"column":70}},"225":{"start":{"line":597,"column":16},"end":{"line":606,"column":17}},"226":{"start":{"line":599,"column":20},"end":{"line":599,"column":62}},"227":{"start":{"line":600,"column":20},"end":{"line":600,
[...]
ment.ownerDocument.defaultView;","                var parentFound = false;","                // Start parent is the immediate parent","                var parent_1 = scrollTargetElement.parentElement;","                // Iterate upwards all parents","                while (!parentFound && !PageScrollUtilService.isUndefinedOrNull(parent_1)) {","                    if (theWindow.getComputedStyle(parent_1).getPropertyValue('position') === 'relative') {","                        accumulatedParentsPos.top += parent_1.offsetTop;","                        accumulatedParentsPos.left += parent_1.offsetLeft;","                    }","                    // Next iteration","                    parent_1 = parent_1.parentElement;","                    parentFound = parent_1 === this.scrollingViews[0];","                }","                if (parentFound) {","                    // Only use the results if we found the parent, otherwise we accumulated too much anyway","                    position.top += accumulatedParentsPos.top;","                    position.left += accumulatedParentsPos.left;","                }","                else {","                    if (PageScrollConfig._logLevel >= 2) {","                        console.warn('Unable to find nested scrolling targets parent!');","                    }","                }","            }","            return position;","        }","        return PageScrollUtilService.extractElementPosition(this.document, scrollTargetElement);","    };","    /**","     * Get the top offset of the scroll animation.","     * This automatically takes the offset location of the scrolling container/scrolling view","     * into account (for nested/inline scrolling).","     *","     * @returns {number}","     */","    PageScrollInstance.prototype.getCurrentOffset = function () {","        return this._offset;","    };","    /**","     * Sets the \"scrollTop\" or \"scrollLeft\" property for all scrollingViews to the provided value","     * @param position","     * @return true if at least for one ScrollTopSource the scrollTop/scrollLeft value could be set and it kept the new value.","     *          false if it failed for all ScrollingViews, meaning that we should stop the animation","     *          (probably because we're at the end of the scrolling region)","     */","    PageScrollInstance.prototype.setScrollPosition = function (position) {","        var _this = this;","        if (PageScrollConfig._logLevel >= 5) {","            console.warn('Scroll Position: ' + position);","        }","        // Set the new scrollTop/scrollLeft to all scrollingViews elements","        return this.scrollingViews.reduce(function (oneAlreadyWorked, scrollingView) {","            var startScrollPropertyValue = _this.getScrollPropertyValue(scrollingView);","            if (scrollingView && !PageScrollUtilService.isUndefinedOrNull(startScrollPropertyValue)) {","                var scrollDistance = Math.abs(startScrollPropertyValue - position);","                // The movement we need to perform is less than 2px","                // This we consider a small movement which some browser may not perform when","                // changing the scrollTop/scrollLeft property","                // Thus in this cases we do not stop the scroll animation, although setting the","                // scrollTop/scrollLeft value \"fails\"","                var isSmallMovement = scrollDistance < PageScrollConfig._minScrollDistance;","                if (!_this.verticalScrolling) {","                    scrollingView.scrollLeft = position;","                }","                else {","                    scrollingView.scrollTop = position;","                }","                // Return true of setting the new scrollTop/scrollLeft value worked","                // We consider that it worked if the new scrollTop/scrollLeft value is closer to the","                // desired scrollTop/scrollLeft than before (it might not be exactly the value we","                // set due to dpi or rounding irregularities)","                if (isSmallMovement || scrollDistance > Math.abs(_this.getScrollPropertyValue(scrollingView) - position)) {","                    return true;","                }","            }","            return oneAlreadyWorked;","        }, false);","    };","    /**","     * Trigger firing a animation finish event","     * @param value Whether the animation finished at the target (true) or got interrupted (false)","     */","    PageScrollInstance.prototype.fireEvent = function (value) {","        if (this._pageScrollFinish) {","            this._pageScrollFinish.emit(value);","        }","    };","    /**","     * Attach the interrupt listeners to the PageScrollInstance body. The given interruptReporter","     * will be called if any of the attached events is fired.","     *","     * Possibly attached interruptListeners are automatically removed from the body before the new one will be attached.","     *","     * @param interruptReporter","     */","    PageScrollInstance.prototype.attachInterruptListeners = function (interruptReporter) {","        var _this = this;","        if (this._interruptListenersAttached) {","            // Detach possibly existing listeners first","            this.detachInterruptListeners();","        }","        this._interruptListener = function (event) {","            interruptReporter.report(event, _this);","        };","        PageScrollConfig._interruptEvents.forEach(function (event) { return _this.document.body.addEventListener(event, _this._interruptListener); });","        this._interruptListenersAttached = true;","    };","    /**","     * Remove event listeners from the body and stop listening for events that might be treated as \"animation","     * interrupt\" events.","     */","    PageScrollInstance.prototype.detachInterruptListeners = function () {","        var _this = this;","        PageScrollConfig._interruptEvents.forEach(function (event) { return _this.document.body.removeEventListener(event, _this._interruptListener); });","        this._interruptListenersAttached = false;","    };","    Object.defineProperty(PageScrollInstance.prototype, \"namespace\", {","        get: function () {","            return this._namespace;","        },","        enumerable: true,","        configurable: true","    });","    Object.defineProperty(PageScrollInstance.prototype, \"scrollTarget\", {","        get: function () {","            return this._scrollTarget;","        },","        enumerable: true,","        configurable: true","    });","    Object.defineProperty(PageScrollInstance.prototype, \"verticalScrolling\", {","        get: function () {","            return this._verticalScrolling;","        },","        enumerable: true,","        configurable: true","    });","    Object.defineProperty(PageScrollInstance.prototype, \"scrollingViews\", {","        get: function () {","            return this._scrollingViews;","        },","        enumerable: true,","        configurable: true","    });","    Object.defineProperty(PageScrollInstance.prototype, \"startScrollPosition\", {","        get: function () {","            return this._startScrollPosition;","        },","        set: function (value) {","            this._startScrollPosition = value;","        },","        enumerable: true,","        configurable: true","    });","    Object.defineProperty(PageScrollInstance.prototype, \"targetScrollPosition\", {","        get: function () {","            return this._targetScrollPosition;","        },","        set: function (value) {","            this._targetScrollPosition = value;","        },","        enumerable: true,","        configurable: true","    });","    Object.defineProperty(PageScrollInstance.prototype, \"distanceToScroll\", {","        get: function () {","            return this._distanceToScroll;","        },","        set: function (value) {","            this._distanceToScroll = value;","        },","        enumerable: true,","        configurable: true","    });","    Object.defineProperty(PageScrollInstance.prototype, \"executionDuration\", {","        get: function () {","            return this._executionDuration;","        },","        set: function (value) {","            this._executionDuration = value;","        },","        enumerable: true,","        configurable: true","    });","    Object.defineProperty(PageScrollInstance.prototype, \"duration\", {","        get: function () {","            return this._duration;","        },","        enumerable: true,","        configurable: true","    });","    Object.defineProperty(PageScrollInstance.prototype, \"speed\", {","        get: function () {","            return this._speed;","        },","        enumerable: true,","        configurable: true","    });","    Object.defineProperty(PageScrollInstance.prototype, \"easingLogic\", {","        get: function () {","            return this._easingLogic;","        },","        enumerable: true,","        configurable: true","    });","    Object.defineProperty(PageScrollInstance.prototype, \"interruptible\", {","        get: function () {","            return this._interruptible;","        },","        enumerable: true,","        configurable: true","    });","    Object.defineProperty(PageScrollInstance.prototype, \"startTime\", {","        get: function () {","            return this._startTime;","        },","        set: function (value) {","            this._startTime = value;","        },","        enumerable: true,","        configurable: true","    });","    Object.defineProperty(PageScrollInstance.prototype, \"endTime\", {","        get: function () {","            return this._endTime;","        },","        set: function (value) {","            this._endTime = value;","        },","        enumerable: true,","        configurable: true","    });","    Object.defineProperty(PageScrollInstance.prototype, \"timer\", {","        get: function () {","            return this._timer;","        },","        set: function (value) {","            this._timer = value;","        },","        enumerable: true,","        configurable: true","    });","    Object.defineProperty(PageScrollInstance.prototype, \"interruptListenersAttached\", {","        get: function () {","            return this._interruptListenersAttached;","        },","        enumerable: true,","        configurable: true","    });","    return PageScrollInstance;","}());","","var PageScroll = (function () {","    function PageScroll(pageScrollService, router, document) {","        this.pageScrollService = pageScrollService;","        this.router = router;","        this.pageScrollHorizontal = null;","        this.pageScrollOffset = null;","        this.pageScrollDuration = null;","        this.pageScrollSpeed = null;","        this.pageScrollEasing = null;","        this.pageScrollAdjustHash = false;","        this.pageScroll = null;","        this.pageScrollFinish = new _angular_core.EventEmitter();","        this.document = document;","    }","    PageScroll.prototype.ngOnChanges = function (changes) {","        // Some inputs changed, reset the pageScrollInstance","        this.pageScrollInstance = undefined;","    };","    PageScroll.prototype.ngOnDestroy = function () {","        if (this.pageScrollInstance) {","            this.pageScrollService.stop(this.pageScrollInstance);","        }","        return undefined;","    };","    PageScroll.prototype.generatePageScrollInstance = function () {","        if (PageScrollUtilService.isUndefinedOrNull(this.pageScrollInstance)) {","            this.pageScrollInstance = PageScrollInstance.newInstance({","                document: this.document,","                scrollTarget: this.href,","                scrollingViews: null,","                namespace: this.pageScroll,","                verticalScrolling: !this.pageScrollHorizontal,","                pageScrollOffset: this.pageScrollOffset,","                pageScrollInterruptible: this.pageScrollInterruptible,","                pageScrollEasingLogic: this.pageScrollEasing,","                pageScrollDuration: this.pageScrollDuration,","                pageScrollSpeed: this.pageScrollSpeed,","                pageScrollFinishListener: this.pageScrollFinish","            });","        }","        return this.pageScrollInstance;","    };","    PageScroll.prototype.pushRouterState = function () {","        if (this.pageScrollAdjustHash && typeof this.pageScrollInstance.scrollTarget === 'string'","            && this.pageScrollInstance.scrollTarget.substr(0, 1) === '#') {","            // \"Navigate\" to the current route again and this time set the fragment/hash","            this.router.navigate([], {","                fragment: this.pageScrollInstance.scrollTarget.substr(1),","                preserveQueryParams: true","            });","        }","    };","    PageScroll.prototype.scroll = function () {","        var pageScrollInstance = this.generatePageScrollInstance();","        this.pushRouterState();","        this.pageScrollService.start(pageScrollInstance);","    };","    PageScroll.prototype.handleClick = function (clickEvent) {","        var _this = this;","        if (this.routerLink && this.router !== null && this.router !== undefined) {","            var urlTree = void 0;","            if (typeof this.routerLink === 'string') {","                urlTree = this.router.parseUrl(this.routerLink);","            }","            else {","                urlTree = this.router.createUrlTree(this.routerLink);","            }","            if (!this.router.isActive(urlTree, true)) {","                // We need to navigate their first.","                // Navigation is handled by the routerLink directive","                // so we only need to listen for route change","                var subscription_1 = this.router.events.subscribe(function (routerEvent) {","                    if (routerEvent instanceof _angular_router.NavigationEnd) {","                        subscription_1.unsubscribe();","                        _this.scroll();","                    }","                    else if (routerEvent instanceof _angular_router.NavigationError || routerEvent instanceof _angular_router.NavigationCancel) {","                        subscription_1.unsubscribe();","                    }","                });","                return false; // to preventDefault()","            }","        }","        this.scroll();","        return false; // to preventDefault()","    };","    return PageScroll;","}());","PageScroll.decorators = [","    { type: _angular_core.Directive, args: [{","                selector: '[pageScroll]',","                host: {","                    '(click)': 'handleClick($event)',","                }","            },] },","];","/** @nocollapse */","PageScroll.ctorParameters = function () { return [","    { type: PageScrollService, },","    { type: _angular_router.Router, decorators: [{ type: _angular_core.Optional },] },","    { type: undefined, decorators: [{ type: _angular_core.Inject, args: [_angular_platformBrowser.DOCUMENT,] },] },","]; };","PageScroll.propDecorators = {","    'routerLink': [{ type: _angular_core.Input },],","    'href': [{ type: _angular_core.Input },],","    'pageScrollHorizontal': [{ type: _angular_core.Input },],","    'pageScrollOffset': [{ type: _angular_core.Input },],","    'pageScrollDuration': [{ type: _angular_core.Input },],","    'pageScrollSpeed': [{ type: _angular_core.Input },],","    'pageScrollEasing': [{ type: _angular_core.Input },],","    'pageScrollInterruptible': [{ type: _angular_core.Input },],","    'pageScrollAdjustHash': [{ type: _angular_core.Input },],","    'pageScroll': [{ type: _angular_core.Input },],","    'pageScrollFinish': [{ type: _angular_core.Output },],","};","","/**"," * Created by sebastianfuss on 03.09.16."," */","var Ng2PageScrollModule = (function () {","    function Ng2PageScrollModule() {","    }","    Ng2PageScrollModule.forRoot = function () {","        return {","            ngModule: Ng2PageScrollModule,","            providers: [","                { provide: PageScrollService, useClass: PageScrollService }","            ]","        };","    };","    return Ng2PageScrollModule;","}());","Ng2PageScrollModule.decorators = [","    { type: _angular_core.NgModule, args: [{","                imports: [_angular_common.CommonModule],","                declarations: [PageScroll],","                exports: [PageScroll]","            },] },","];","/** @nocollapse */","Ng2PageScrollModule.ctorParameters = function () { return []; };","","exports.Ng2PageScrollModule = Ng2PageScrollModule;","exports.PageScroll = PageScroll;","exports.PageScrollService = PageScrollService;","exports.EasingLogic = EasingLogic;","exports.PageScrollConfig = PageScrollConfig;","exports.PageScrollInstance = PageScrollInstance;","exports.PageScrollUtilService = PageScrollUtilService;","","Object.defineProperty(exports, '__esModule', { value: true });","","})));",""],"l":{"1":2,"2":2,"7":0,"8":1,"10":0,"12":0,"13":1,"15":0,"18":0,"21":0,"26":0,"34":0,"44":0,"50":0,"56":0,"65":0,"71":0,"77":0,"86":0,"92":0,"99":0,"105":0,"106":0,"109":0,"116":0,"117":1,"124":0,"125":0,"127":0,"128":0,"129":0,"130":0,"131":0,"132":0,"133":0,"134":0,"135":0,"136":0,"138":0,"140":0,"141":0,"142":0,"143":0,"145":0,"148":0,"149":1,"150":0,"151":0,"152":0,"154":0,"156":0,"158":0,"159":0,"161":0,"163":0,"166":0,"169":0,"171":0,"174":0,"175":0,"179":0,"180":0,"183":0,"185":0,"186":0,"187":0,"188":0,"190":0,"191":0,"193":0,"195":0,"197":0,"198":0,"199":0,"201":0,"210":0,"211":0,"213":0,"214":0,"216":0,"217":0,"219":0,"221":0,"223":0,"225":0,"226":0,"227":0,"231":0,"232":0,"235":0,"236":0,"239":0,"241":0,"242":0,"244":0,"245":0,"247":0,"248":0,"250":0,"251":0,"256":0,"259":0,"261":0,"263":0,"267":0,"268":0,"269":0,"270":0,"271":0,"274":0,"277":0,"278":0,"279":0,"282":0,"284":0,"287":0,"289":0,"290":0,"292":0,"294":0,"295":0,"296":0,"298":0,"299":0,"303":0,"306":0,"309":0,"313":0,"314":0,"318":0,"326":0,"327":0,"328":0,"329":0,"330":0,"331":0,"333":0,"334":0,"336":0,"339":0,"341":0,"343":0,"344":0,"346":0,"348":0,"349":0,"353":0,"361":0,"370":1,"375":0,"377":0,"379":0,"381":0,"383":0,"385":0,"387":0,"389":0,"394":0,"396":0,"399":0,"400":0,"401":0,"406":0,"407":0,"413":0,"414":0,"415":0,"417":0,"418":0,"419":0,"420":0,"423":0,"424":0,"426":0,"427":0,"428":0,"430":0,"431":0,"433":0,"434":0,"436":0,"438":0,"439":0,"441":0,"442":0,"444":0,"445":0,"447":0,"449":0,"452":0,"465":0,"466":0,"488":0,"489":0,"508":0,"509":0,"538":0,"539":0,"552":0,"553":0,"554":0,"556":0,"566":0,"567":0,"568":0,"569":0,"572":0,"574":0,"576":0,"578":0,"579":0,"580":0,"581":0,"583":0,"584":0,"586":0,"588":0,"589":0,"590":0,"591":0,"594":0,"595":0,"597":0,"599":0,"600":0,"603":0,"604":0,"608":0,"610":0,"619":0,"620":0,"629":0,"630":0,"631":0,"632":0,"635":0,"636":0,"637":0,"638":0,"644":0,"645":0,"646":0,"649":0,"655":0,"656":0,"659":0,"666":0,"667":0,"668":0,"679":0,"680":0,"681":0,"683":0,"685":0,"686":0,"688":0,"689":0,"695":0,"696":0,"697":0,"698":0,"700":0,"702":0,"707":0,"709":0,"714":0,"716":0,"721":0,"723":0,"728":0,"730":0,"733":0,"738":0,"740":0,"743":0,"748":0,"750":0,"753":0,"758":0,"760":0,"763":0,"768":0,"770":0,"775":0,"777":0,"782":0,"784":0,"789":0,"791":0,"796":0,"798":0,"801":0,"806":0,"808":0,"811":0,"816":0,"818":0,"821":0,"826":0,"828":0,"833":0,"836":0,"837":1,"838":0,"839":0,"840":0,"841":0,"842":0,"843":0,"844":0,"845":0,"846":0,"847":0,"848":0,"850":0,"852":0,"854":0,"855":0,"856":0,"858":0,"860":0,"861":0,"862":0,"876":0,"878":0,"879":0,"882":0,"888":0,"889":0,"890":0,"891":0,"893":0,"894":0,"895":0,"896":0,"897":0,"898":0,"901":0,"903":0,"907":0,"908":0,"909":0,"910":0,"912":0,"913":0,"916":0,"919":0,"920":0,"922":0,"924":0,"933":0,"938":0,"955":0,"956":1,"958":0,"959":0,"966":0,"968":0,"976":0,"978":0,"979":0,"980":0,"981":0,"982":0,"983":0,"984":0,"986":0}}}